{
  "stats": {
    "suites": 7,
    "tests": 22,
    "passes": 22,
    "pending": 0,
    "failures": 0,
    "start": "2023-02-09T10:57:23.399Z",
    "end": "2023-02-09T10:57:40.974Z",
    "duration": 17575,
    "testsRegistered": 22,
    "passPercent": 100,
    "pendingPercent": 0,
    "other": 0,
    "hasOther": false,
    "skipped": 0,
    "hasSkipped": false
  },
  "results": [
    {
      "uuid": "ec6941ec-ebef-4dd9-a893-9edb1e370758",
      "title": "",
      "fullFile": "cypress/integration/project.spec.js",
      "file": "cypress/integration/project.spec.js",
      "beforeHooks": [],
      "afterHooks": [],
      "tests": [],
      "suites": [
        {
          "uuid": "0f579598-a7e0-47ab-a2bd-e9ca8f6ce746",
          "title": "travel-form",
          "fullFile": "",
          "file": "",
          "beforeHooks": [],
          "afterHooks": [],
          "tests": [],
          "suites": [
            {
              "uuid": "66d22bc9-d5a3-43ba-b977-ef89f0ad27aa",
              "title": "1 - Crie um título para seu formulário com a tag `h1`",
              "fullFile": "",
              "file": "",
              "beforeHooks": [],
              "afterHooks": [],
              "tests": [
                {
                  "title": "O título deve possuir a tag `h1` e o id `title`",
                  "fullTitle": "travel-form 1 - Crie um título para seu formulário com a tag `h1` O título deve possuir a tag `h1` e o id `title`",
                  "timedOut": null,
                  "duration": 311,
                  "state": "passed",
                  "speed": "fast",
                  "pass": true,
                  "fail": false,
                  "pending": false,
                  "context": null,
                  "code": "cy.get(TRYBE_TRAVEL_TITLE).should('exist');",
                  "err": {},
                  "uuid": "4e8e149d-a1a6-494e-a3f4-8a603d338a24",
                  "parentUUID": "66d22bc9-d5a3-43ba-b977-ef89f0ad27aa",
                  "isHook": false,
                  "skipped": false
                },
                {
                  "title": "Verifica se o texto do título é \"Formulário Trybe Travel\"",
                  "fullTitle": "travel-form 1 - Crie um título para seu formulário com a tag `h1` Verifica se o texto do título é \"Formulário Trybe Travel\"",
                  "timedOut": null,
                  "duration": 127,
                  "state": "passed",
                  "speed": "fast",
                  "pass": true,
                  "fail": false,
                  "pending": false,
                  "context": null,
                  "code": "cy.get(TRYBE_TRAVEL_TITLE).should('have.text', 'Formulário Trybe Travel');",
                  "err": {},
                  "uuid": "bc7f2e2c-3468-45c2-a2ee-5de1a2c477c4",
                  "parentUUID": "66d22bc9-d5a3-43ba-b977-ef89f0ad27aa",
                  "isHook": false,
                  "skipped": false
                },
                {
                  "title": "O formulário deve possuir o id `main-form`",
                  "fullTitle": "travel-form 1 - Crie um título para seu formulário com a tag `h1` O formulário deve possuir o id `main-form`",
                  "timedOut": null,
                  "duration": 115,
                  "state": "passed",
                  "speed": "fast",
                  "pass": true,
                  "fail": false,
                  "pending": false,
                  "context": null,
                  "code": "cy.get(TRYBE_TRAVEL_FORM).should('exist');",
                  "err": {},
                  "uuid": "8026226d-0d5c-4b93-aed3-d261fa90ca65",
                  "parentUUID": "66d22bc9-d5a3-43ba-b977-ef89f0ad27aa",
                  "isHook": false,
                  "skipped": false
                }
              ],
              "suites": [],
              "passes": [
                "4e8e149d-a1a6-494e-a3f4-8a603d338a24",
                "bc7f2e2c-3468-45c2-a2ee-5de1a2c477c4",
                "8026226d-0d5c-4b93-aed3-d261fa90ca65"
              ],
              "failures": [],
              "pending": [],
              "skipped": [],
              "duration": 553,
              "root": false,
              "rootEmpty": false,
              "_timeout": 2000
            },
            {
              "uuid": "5fab7249-0f46-4ba0-8e6e-a654a2eca1d6",
              "title": "2 - Implemente o conteúdo do formulário `form`",
              "fullFile": "",
              "file": "",
              "beforeHooks": [],
              "afterHooks": [],
              "tests": [
                {
                  "title": "Existe um elemento com o id `fullName`",
                  "fullTitle": "travel-form 2 - Implemente o conteúdo do formulário `form` Existe um elemento com o id `fullName`",
                  "timedOut": null,
                  "duration": 123,
                  "state": "passed",
                  "speed": "fast",
                  "pass": true,
                  "fail": false,
                  "pending": false,
                  "context": null,
                  "code": "cy.get(TRYBE_TRAVEL_NAME).should('exist');",
                  "err": {},
                  "uuid": "700fc881-2972-412a-b16e-1efddf559cc6",
                  "parentUUID": "5fab7249-0f46-4ba0-8e6e-a654a2eca1d6",
                  "isHook": false,
                  "skipped": false
                },
                {
                  "title": "Existe um elemento com o id `email`",
                  "fullTitle": "travel-form 2 - Implemente o conteúdo do formulário `form` Existe um elemento com o id `email`",
                  "timedOut": null,
                  "duration": 117,
                  "state": "passed",
                  "speed": "fast",
                  "pass": true,
                  "fail": false,
                  "pending": false,
                  "context": null,
                  "code": "cy.get(TRYBE_TRAVEL_EMAIL).should('exist');",
                  "err": {},
                  "uuid": "b2913375-8cf5-4f9f-a03f-20ad81407b0c",
                  "parentUUID": "5fab7249-0f46-4ba0-8e6e-a654a2eca1d6",
                  "isHook": false,
                  "skipped": false
                },
                {
                  "title": "Existem quatro elementos com o name `destinations`",
                  "fullTitle": "travel-form 2 - Implemente o conteúdo do formulário `form` Existem quatro elementos com o name `destinations`",
                  "timedOut": null,
                  "duration": 139,
                  "state": "passed",
                  "speed": "fast",
                  "pass": true,
                  "fail": false,
                  "pending": false,
                  "context": null,
                  "code": "cy.get(TRYBE_TRAVEL_FORM).find('[name=\"destinations\"]').its('length').should('be.gte', 4);",
                  "err": {},
                  "uuid": "c2161289-95db-4a26-9f46-993e86b19b09",
                  "parentUUID": "5fab7249-0f46-4ba0-8e6e-a654a2eca1d6",
                  "isHook": false,
                  "skipped": false
                },
                {
                  "title": "Existe um elemento com o id `question`",
                  "fullTitle": "travel-form 2 - Implemente o conteúdo do formulário `form` Existe um elemento com o id `question`",
                  "timedOut": null,
                  "duration": 155,
                  "state": "passed",
                  "speed": "fast",
                  "pass": true,
                  "fail": false,
                  "pending": false,
                  "context": null,
                  "code": "cy.get(TRYBE_TRAVEL_QUESTION).should('exist');",
                  "err": {},
                  "uuid": "46f50c9d-17e6-4bc1-9788-4eb0a4f9f3f0",
                  "parentUUID": "5fab7249-0f46-4ba0-8e6e-a654a2eca1d6",
                  "isHook": false,
                  "skipped": false
                },
                {
                  "title": "Existe um elemento com o id `date`",
                  "fullTitle": "travel-form 2 - Implemente o conteúdo do formulário `form` Existe um elemento com o id `date`",
                  "timedOut": null,
                  "duration": 110,
                  "state": "passed",
                  "speed": "fast",
                  "pass": true,
                  "fail": false,
                  "pending": false,
                  "context": null,
                  "code": "cy.get(TRYBE_INPUT_DATE).should('exist');",
                  "err": {},
                  "uuid": "fa0d2b96-3395-41ad-8a6a-801bed4e08be",
                  "parentUUID": "5fab7249-0f46-4ba0-8e6e-a654a2eca1d6",
                  "isHook": false,
                  "skipped": false
                },
                {
                  "title": "Existe um elemento com o id `promo`",
                  "fullTitle": "travel-form 2 - Implemente o conteúdo do formulário `form` Existe um elemento com o id `promo`",
                  "timedOut": null,
                  "duration": 122,
                  "state": "passed",
                  "speed": "fast",
                  "pass": true,
                  "fail": false,
                  "pending": false,
                  "context": null,
                  "code": "cy.get(TRYBE_INPUT_CHECKBOX).should('exist');",
                  "err": {},
                  "uuid": "6470f2d4-9a5a-4e82-a9a2-940499888819",
                  "parentUUID": "5fab7249-0f46-4ba0-8e6e-a654a2eca1d6",
                  "isHook": false,
                  "skipped": false
                },
                {
                  "title": "Existe um elemento com o id `agreement`",
                  "fullTitle": "travel-form 2 - Implemente o conteúdo do formulário `form` Existe um elemento com o id `agreement`",
                  "timedOut": null,
                  "duration": 107,
                  "state": "passed",
                  "speed": "fast",
                  "pass": true,
                  "fail": false,
                  "pending": false,
                  "context": null,
                  "code": "cy.get(TRYBE_TRAVEL_CHECKBOX).should('exist');",
                  "err": {},
                  "uuid": "0b7dad3a-bea1-4096-acae-bc3ab86800bb",
                  "parentUUID": "5fab7249-0f46-4ba0-8e6e-a654a2eca1d6",
                  "isHook": false,
                  "skipped": false
                }
              ],
              "suites": [],
              "passes": [
                "700fc881-2972-412a-b16e-1efddf559cc6",
                "b2913375-8cf5-4f9f-a03f-20ad81407b0c",
                "c2161289-95db-4a26-9f46-993e86b19b09",
                "46f50c9d-17e6-4bc1-9788-4eb0a4f9f3f0",
                "fa0d2b96-3395-41ad-8a6a-801bed4e08be",
                "6470f2d4-9a5a-4e82-a9a2-940499888819",
                "0b7dad3a-bea1-4096-acae-bc3ab86800bb"
              ],
              "failures": [],
              "pending": [],
              "skipped": [],
              "duration": 873,
              "root": false,
              "rootEmpty": false,
              "_timeout": 2000
            },
            {
              "uuid": "b87e6b06-938c-4e2a-98fe-cff3d053efd9",
              "title": "3 - Crie botões para o formulário `form`",
              "fullFile": "",
              "file": "",
              "beforeHooks": [],
              "afterHooks": [],
              "tests": [
                {
                  "title": "Existe um elemento com a tag `button`",
                  "fullTitle": "travel-form 3 - Crie botões para o formulário `form` Existe um elemento com a tag `button`",
                  "timedOut": null,
                  "duration": 123,
                  "state": "passed",
                  "speed": "fast",
                  "pass": true,
                  "fail": false,
                  "pending": false,
                  "context": null,
                  "code": "cy.get(TRYBE_TRAVEL_SUBMIT_BUTTON).should('exist');",
                  "err": {},
                  "uuid": "7013987f-1e75-45d7-81ee-82b6e4a15e96",
                  "parentUUID": "b87e6b06-938c-4e2a-98fe-cff3d053efd9",
                  "isHook": false,
                  "skipped": false
                },
                {
                  "title": "Verifica se o texto do botão é \"Enviar\"",
                  "fullTitle": "travel-form 3 - Crie botões para o formulário `form` Verifica se o texto do botão é \"Enviar\"",
                  "timedOut": null,
                  "duration": 100,
                  "state": "passed",
                  "speed": "fast",
                  "pass": true,
                  "fail": false,
                  "pending": false,
                  "context": null,
                  "code": "cy.get(TRYBE_TRAVEL_SUBMIT_BUTTON).should('have.text', 'Enviar');",
                  "err": {},
                  "uuid": "312e0b3c-bc0d-4b00-96d8-84934442df68",
                  "parentUUID": "b87e6b06-938c-4e2a-98fe-cff3d053efd9",
                  "isHook": false,
                  "skipped": false
                },
                {
                  "title": "Existe um elemento com o id `submit-btn`",
                  "fullTitle": "travel-form 3 - Crie botões para o formulário `form` Existe um elemento com o id `submit-btn`",
                  "timedOut": null,
                  "duration": 118,
                  "state": "passed",
                  "speed": "fast",
                  "pass": true,
                  "fail": false,
                  "pending": false,
                  "context": null,
                  "code": "cy.get(TRYBE_TRAVEL_SUBMIT_BUTTON).should('exist');",
                  "err": {},
                  "uuid": "af0019bd-505a-4c5f-abd7-10ef8333d8b1",
                  "parentUUID": "b87e6b06-938c-4e2a-98fe-cff3d053efd9",
                  "isHook": false,
                  "skipped": false
                },
                {
                  "title": "Existe um elemento com o id `clear-btn`",
                  "fullTitle": "travel-form 3 - Crie botões para o formulário `form` Existe um elemento com o id `clear-btn`",
                  "timedOut": null,
                  "duration": 112,
                  "state": "passed",
                  "speed": "fast",
                  "pass": true,
                  "fail": false,
                  "pending": false,
                  "context": null,
                  "code": "cy.get(TRYBE_TRAVEL_CLEAR_BUTTON).should('exist');",
                  "err": {},
                  "uuid": "146457a7-d714-44ab-b609-b842ee849f5c",
                  "parentUUID": "b87e6b06-938c-4e2a-98fe-cff3d053efd9",
                  "isHook": false,
                  "skipped": false
                }
              ],
              "suites": [],
              "passes": [
                "7013987f-1e75-45d7-81ee-82b6e4a15e96",
                "312e0b3c-bc0d-4b00-96d8-84934442df68",
                "af0019bd-505a-4c5f-abd7-10ef8333d8b1",
                "146457a7-d714-44ab-b609-b842ee849f5c"
              ],
              "failures": [],
              "pending": [],
              "skipped": [],
              "duration": 453,
              "root": false,
              "rootEmpty": false,
              "_timeout": 2000
            },
            {
              "uuid": "46b782dd-268c-4308-829e-0b25e562d30e",
              "title": "4 - Manipule as informações via javascript",
              "fullFile": "",
              "file": "",
              "beforeHooks": [],
              "afterHooks": [],
              "tests": [
                {
                  "title": "Verifica o uso do eventPreventDefault()",
                  "fullTitle": "travel-form 4 - Manipule as informações via javascript Verifica o uso do eventPreventDefault()",
                  "timedOut": null,
                  "duration": 1471,
                  "state": "passed",
                  "speed": "fast",
                  "pass": true,
                  "fail": false,
                  "pending": false,
                  "context": null,
                  "code": "cy.window().then(win => {\n  win.document.erro = 'Erro: A página não pode se atualizar ao clicar no botão Enviar.';\n});\ncy.get(TRYBE_TRAVEL_NAME).type('Teste');\ncy.get(TRYBE_TRAVEL_EMAIL).type('teste@gmail.com');\ncy.get(TRYBE_TRAVEL_QUESTION).type('teste');\ncy.get(TRYBE_INPUT_DATE).type('2023-01-30');\ncy.get(TRYBE_INPUT_CHECKBOX).check();\ncy.get(TRYBE_TRAVEL_CHECKBOX).check();\ncy.get(TRYBE_TRAVEL_SUBMIT_BUTTON).click();\ncy.window().then(win => {\n  expect('Erro: A página não pode se atualizar ao clicar no botão Enviar.').to.equal(win.document.erro);\n});",
                  "err": {},
                  "uuid": "e7b556a6-5393-47ac-b3b9-24b580b4972f",
                  "parentUUID": "46b782dd-268c-4308-829e-0b25e562d30e",
                  "isHook": false,
                  "skipped": false
                },
                {
                  "title": "Verifica se ao clicar no botão limpar os campos limpam.",
                  "fullTitle": "travel-form 4 - Manipule as informações via javascript Verifica se ao clicar no botão limpar os campos limpam.",
                  "timedOut": null,
                  "duration": 1477,
                  "state": "passed",
                  "speed": "fast",
                  "pass": true,
                  "fail": false,
                  "pending": false,
                  "context": null,
                  "code": "cy.get(TRYBE_TRAVEL_NAME).type('clear Teste');\ncy.get(TRYBE_TRAVEL_EMAIL).type('teste@gmail.com');\ncy.get(TRYBE_TRAVEL_QUESTION).type('teste');\ncy.get(TRYBE_INPUT_DATE).type('2023-01-30');\ncy.get(TRYBE_INPUT_CHECKBOX).check();\ncy.get(TRYBE_TRAVEL_CHECKBOX).check();\ncy.get(TRYBE_TRAVEL_CLEAR_BUTTON).click();\ncy.get(TRYBE_TRAVEL_NAME).should('have.value', '');",
                  "err": {},
                  "uuid": "54431c77-f36a-41ce-a483-b9ceaebf91ed",
                  "parentUUID": "46b782dd-268c-4308-829e-0b25e562d30e",
                  "isHook": false,
                  "skipped": false
                }
              ],
              "suites": [],
              "passes": [
                "e7b556a6-5393-47ac-b3b9-24b580b4972f",
                "54431c77-f36a-41ce-a483-b9ceaebf91ed"
              ],
              "failures": [],
              "pending": [],
              "skipped": [],
              "duration": 2948,
              "root": false,
              "rootEmpty": false,
              "_timeout": 2000
            },
            {
              "uuid": "a76d34df-44cb-4b5b-9ecf-0ca1920397ed",
              "title": "5 - Faça a validação de imagem ao clicar no checkbox correspondente.",
              "fullFile": "",
              "file": "",
              "beforeHooks": [],
              "afterHooks": [],
              "tests": [
                {
                  "title": "Existe um elemento do tipo checkbox com o id `agreement`",
                  "fullTitle": "travel-form 5 - Faça a validação de imagem ao clicar no checkbox correspondente. Existe um elemento do tipo checkbox com o id `agreement`",
                  "timedOut": null,
                  "duration": 205,
                  "state": "passed",
                  "speed": "fast",
                  "pass": true,
                  "fail": false,
                  "pending": false,
                  "context": null,
                  "code": "cy.get('input#agreement[type=\"checkbox\"]').should('exist');",
                  "err": {},
                  "uuid": "9aee3eef-2c0f-4205-9ccc-5a03147b5385",
                  "parentUUID": "a76d34df-44cb-4b5b-9ecf-0ca1920397ed",
                  "isHook": false,
                  "skipped": false
                },
                {
                  "title": "Antes de marcar o campo de confirmação, o botão de Enviar deve estar desabilitado",
                  "fullTitle": "travel-form 5 - Faça a validação de imagem ao clicar no checkbox correspondente. Antes de marcar o campo de confirmação, o botão de Enviar deve estar desabilitado",
                  "timedOut": null,
                  "duration": 132,
                  "state": "passed",
                  "speed": "fast",
                  "pass": true,
                  "fail": false,
                  "pending": false,
                  "context": null,
                  "code": "cy.get('button#submit-btn').should('be.disabled');",
                  "err": {},
                  "uuid": "65d996c6-a896-489a-a812-29d9fb6e52c5",
                  "parentUUID": "a76d34df-44cb-4b5b-9ecf-0ca1920397ed",
                  "isHook": false,
                  "skipped": false
                },
                {
                  "title": "Ao marcar o campo de confirmação, o botão de Enviar deve ser habilitado",
                  "fullTitle": "travel-form 5 - Faça a validação de imagem ao clicar no checkbox correspondente. Ao marcar o campo de confirmação, o botão de Enviar deve ser habilitado",
                  "timedOut": null,
                  "duration": 194,
                  "state": "passed",
                  "speed": "fast",
                  "pass": true,
                  "fail": false,
                  "pending": false,
                  "context": null,
                  "code": "cy.get('input#agreement').check();\ncy.get('button#submit-btn').should('not.be.disabled');",
                  "err": {},
                  "uuid": "90889d91-5a33-4fcf-bbc7-f6c8e0d0ae21",
                  "parentUUID": "a76d34df-44cb-4b5b-9ecf-0ca1920397ed",
                  "isHook": false,
                  "skipped": false
                }
              ],
              "suites": [],
              "passes": [
                "9aee3eef-2c0f-4205-9ccc-5a03147b5385",
                "65d996c6-a896-489a-a812-29d9fb6e52c5",
                "90889d91-5a33-4fcf-bbc7-f6c8e0d0ae21"
              ],
              "failures": [],
              "pending": [],
              "skipped": [],
              "duration": 531,
              "root": false,
              "rootEmpty": false,
              "_timeout": 2000
            },
            {
              "uuid": "a830fd65-997a-4e45-883e-eb0f1160d4ca",
              "title": "6 - Faça a validação dos campos do formulário.",
              "fullFile": "",
              "file": "",
              "beforeHooks": [],
              "afterHooks": [],
              "tests": [
                {
                  "title": "o input \"Nome Completo\" teve ter no máximo 40 caracteres",
                  "fullTitle": "travel-form 6 - Faça a validação dos campos do formulário. o input \"Nome Completo\" teve ter no máximo 40 caracteres",
                  "timedOut": null,
                  "duration": 819,
                  "state": "passed",
                  "speed": "fast",
                  "pass": true,
                  "fail": false,
                  "pending": false,
                  "context": null,
                  "code": "cy.get(TRYBE_TRAVEL_NAME).type('text'.repeat(10));\ncy.get(TRYBE_TRAVEL_NAME).invoke('val').should(value => {\n  expect(value).to.match(/^[a-z]{40}$/);\n});",
                  "err": {},
                  "uuid": "3f0f1ed0-c1e0-42be-b8d3-eb5a28afeb27",
                  "parentUUID": "a830fd65-997a-4e45-883e-eb0f1160d4ca",
                  "isHook": false,
                  "skipped": false
                },
                {
                  "title": "o input \"E-mail\" teve ter no máximo 50 caracteres",
                  "fullTitle": "travel-form 6 - Faça a validação dos campos do formulário. o input \"E-mail\" teve ter no máximo 50 caracteres",
                  "timedOut": null,
                  "duration": 963,
                  "state": "passed",
                  "speed": "fast",
                  "pass": true,
                  "fail": false,
                  "pending": false,
                  "context": null,
                  "code": "cy.get(TRYBE_TRAVEL_EMAIL).type('text'.repeat(13));\ncy.get(TRYBE_TRAVEL_EMAIL).invoke('val').should(value => {\n  expect(value).to.match(/^[a-z]{50}$/);\n});",
                  "err": {},
                  "uuid": "c7a0eb7d-dfc5-4701-bb8a-7ef21599aaf6",
                  "parentUUID": "a830fd65-997a-4e45-883e-eb0f1160d4ca",
                  "isHook": false,
                  "skipped": false
                },
                {
                  "title": "O textarea deve ter no máximo 500 caracteres",
                  "fullTitle": "travel-form 6 - Faça a validação dos campos do formulário. O textarea deve ter no máximo 500 caracteres",
                  "timedOut": null,
                  "duration": 10289,
                  "state": "passed",
                  "speed": "slow",
                  "pass": true,
                  "fail": false,
                  "pending": false,
                  "context": null,
                  "code": "cy.get(TRYBE_TRAVEL_QUESTION).type('text'.repeat(200));\ncy.get(TRYBE_TRAVEL_QUESTION).invoke('val').should(value => {\n  expect(value).to.match(/^[a-z]{500}$/);\n});",
                  "err": {},
                  "uuid": "7331c0c2-5934-47db-8266-2f73d3af5c88",
                  "parentUUID": "a830fd65-997a-4e45-883e-eb0f1160d4ca",
                  "isHook": false,
                  "skipped": false
                }
              ],
              "suites": [],
              "passes": [
                "3f0f1ed0-c1e0-42be-b8d3-eb5a28afeb27",
                "c7a0eb7d-dfc5-4701-bb8a-7ef21599aaf6",
                "7331c0c2-5934-47db-8266-2f73d3af5c88"
              ],
              "failures": [],
              "pending": [],
              "skipped": [],
              "duration": 12071,
              "root": false,
              "rootEmpty": false,
              "_timeout": 2000
            }
          ],
          "passes": [],
          "failures": [],
          "pending": [],
          "skipped": [],
          "duration": 0,
          "root": false,
          "rootEmpty": false,
          "_timeout": 2000
        }
      ],
      "passes": [],
      "failures": [],
      "pending": [],
      "skipped": [],
      "duration": 0,
      "root": true,
      "rootEmpty": true,
      "_timeout": 2000
    }
  ],
  "meta": {
    "mocha": {
      "version": "7.0.1"
    },
    "mochawesome": {
      "options": {
        "quiet": false,
        "reportFilename": "mochawesome",
        "saveHtml": false,
        "saveJson": true,
        "consoleReporter": "spec",
        "useInlineDiffs": false,
        "code": true
      },
      "version": "6.2.2"
    },
    "marge": {
      "options": {
        "id": "default",
        "reportDir": "cypress/reports",
        "overwrite": false,
        "html": false,
        "json": true
      },
      "version": "5.2.0"
    }
  }
}