{
  "stats": {
    "suites": 7,
    "tests": 22,
    "passes": 22,
    "pending": 0,
    "failures": 0,
    "start": "2023-02-09T10:56:52.972Z",
    "end": "2023-02-09T10:57:10.789Z",
    "duration": 17817,
    "testsRegistered": 22,
    "passPercent": 100,
    "pendingPercent": 0,
    "other": 0,
    "hasOther": false,
    "skipped": 0,
    "hasSkipped": false
  },
  "results": [
    {
      "uuid": "bde1414b-d204-4ab6-8843-4eb5d248fb9d",
      "title": "",
      "fullFile": "cypress/integration/project.spec.js",
      "file": "cypress/integration/project.spec.js",
      "beforeHooks": [],
      "afterHooks": [],
      "tests": [],
      "suites": [
        {
          "uuid": "cedbb8fe-60d3-45f1-9bee-b979654a159d",
          "title": "travel-form",
          "fullFile": "",
          "file": "",
          "beforeHooks": [],
          "afterHooks": [],
          "tests": [],
          "suites": [
            {
              "uuid": "faa43b46-db5e-40a5-af84-51907ed5ff2d",
              "title": "1 - Crie um título para seu formulário com a tag `h1`",
              "fullFile": "",
              "file": "",
              "beforeHooks": [],
              "afterHooks": [],
              "tests": [
                {
                  "title": "O título deve possuir a tag `h1` e o id `title`",
                  "fullTitle": "travel-form 1 - Crie um título para seu formulário com a tag `h1` O título deve possuir a tag `h1` e o id `title`",
                  "timedOut": null,
                  "duration": 333,
                  "state": "passed",
                  "speed": "fast",
                  "pass": true,
                  "fail": false,
                  "pending": false,
                  "context": null,
                  "code": "cy.get(TRYBE_TRAVEL_TITLE).should('exist');",
                  "err": {},
                  "uuid": "b6ad1813-0a18-4fd6-aca8-16542c19ce43",
                  "parentUUID": "faa43b46-db5e-40a5-af84-51907ed5ff2d",
                  "isHook": false,
                  "skipped": false
                },
                {
                  "title": "Verifica se o texto do título é \"Formulário Trybe Travel\"",
                  "fullTitle": "travel-form 1 - Crie um título para seu formulário com a tag `h1` Verifica se o texto do título é \"Formulário Trybe Travel\"",
                  "timedOut": null,
                  "duration": 122,
                  "state": "passed",
                  "speed": "fast",
                  "pass": true,
                  "fail": false,
                  "pending": false,
                  "context": null,
                  "code": "cy.get(TRYBE_TRAVEL_TITLE).should('have.text', 'Formulário Trybe Travel');",
                  "err": {},
                  "uuid": "ba24f83e-3727-4db1-ba6f-13e8f73c1325",
                  "parentUUID": "faa43b46-db5e-40a5-af84-51907ed5ff2d",
                  "isHook": false,
                  "skipped": false
                },
                {
                  "title": "O formulário deve possuir o id `main-form`",
                  "fullTitle": "travel-form 1 - Crie um título para seu formulário com a tag `h1` O formulário deve possuir o id `main-form`",
                  "timedOut": null,
                  "duration": 108,
                  "state": "passed",
                  "speed": "fast",
                  "pass": true,
                  "fail": false,
                  "pending": false,
                  "context": null,
                  "code": "cy.get(TRYBE_TRAVEL_FORM).should('exist');",
                  "err": {},
                  "uuid": "a1e8843e-d4b1-4cfb-8742-8b47f23cebd8",
                  "parentUUID": "faa43b46-db5e-40a5-af84-51907ed5ff2d",
                  "isHook": false,
                  "skipped": false
                }
              ],
              "suites": [],
              "passes": [
                "b6ad1813-0a18-4fd6-aca8-16542c19ce43",
                "ba24f83e-3727-4db1-ba6f-13e8f73c1325",
                "a1e8843e-d4b1-4cfb-8742-8b47f23cebd8"
              ],
              "failures": [],
              "pending": [],
              "skipped": [],
              "duration": 563,
              "root": false,
              "rootEmpty": false,
              "_timeout": 2000
            },
            {
              "uuid": "3d44b8f7-4a59-4d0b-a53d-d38d2471db8c",
              "title": "2 - Implemente o conteúdo do formulário `form`",
              "fullFile": "",
              "file": "",
              "beforeHooks": [],
              "afterHooks": [],
              "tests": [
                {
                  "title": "Existe um elemento com o id `fullName`",
                  "fullTitle": "travel-form 2 - Implemente o conteúdo do formulário `form` Existe um elemento com o id `fullName`",
                  "timedOut": null,
                  "duration": 103,
                  "state": "passed",
                  "speed": "fast",
                  "pass": true,
                  "fail": false,
                  "pending": false,
                  "context": null,
                  "code": "cy.get(TRYBE_TRAVEL_NAME).should('exist');",
                  "err": {},
                  "uuid": "109172cf-7a76-4925-aec5-e08e864f1b29",
                  "parentUUID": "3d44b8f7-4a59-4d0b-a53d-d38d2471db8c",
                  "isHook": false,
                  "skipped": false
                },
                {
                  "title": "Existe um elemento com o id `email`",
                  "fullTitle": "travel-form 2 - Implemente o conteúdo do formulário `form` Existe um elemento com o id `email`",
                  "timedOut": null,
                  "duration": 119,
                  "state": "passed",
                  "speed": "fast",
                  "pass": true,
                  "fail": false,
                  "pending": false,
                  "context": null,
                  "code": "cy.get(TRYBE_TRAVEL_EMAIL).should('exist');",
                  "err": {},
                  "uuid": "8077e087-ec83-42f3-af25-a72be00e5c25",
                  "parentUUID": "3d44b8f7-4a59-4d0b-a53d-d38d2471db8c",
                  "isHook": false,
                  "skipped": false
                },
                {
                  "title": "Existem quatro elementos com o name `destinations`",
                  "fullTitle": "travel-form 2 - Implemente o conteúdo do formulário `form` Existem quatro elementos com o name `destinations`",
                  "timedOut": null,
                  "duration": 130,
                  "state": "passed",
                  "speed": "fast",
                  "pass": true,
                  "fail": false,
                  "pending": false,
                  "context": null,
                  "code": "cy.get(TRYBE_TRAVEL_FORM).find('[name=\"destinations\"]').its('length').should('be.gte', 4);",
                  "err": {},
                  "uuid": "6e0f495a-f881-47cd-a6c3-9799bf3a5e73",
                  "parentUUID": "3d44b8f7-4a59-4d0b-a53d-d38d2471db8c",
                  "isHook": false,
                  "skipped": false
                },
                {
                  "title": "Existe um elemento com o id `question`",
                  "fullTitle": "travel-form 2 - Implemente o conteúdo do formulário `form` Existe um elemento com o id `question`",
                  "timedOut": null,
                  "duration": 119,
                  "state": "passed",
                  "speed": "fast",
                  "pass": true,
                  "fail": false,
                  "pending": false,
                  "context": null,
                  "code": "cy.get(TRYBE_TRAVEL_QUESTION).should('exist');",
                  "err": {},
                  "uuid": "a062c71b-eaa8-4064-af3e-f0695685ab00",
                  "parentUUID": "3d44b8f7-4a59-4d0b-a53d-d38d2471db8c",
                  "isHook": false,
                  "skipped": false
                },
                {
                  "title": "Existe um elemento com o id `date`",
                  "fullTitle": "travel-form 2 - Implemente o conteúdo do formulário `form` Existe um elemento com o id `date`",
                  "timedOut": null,
                  "duration": 114,
                  "state": "passed",
                  "speed": "fast",
                  "pass": true,
                  "fail": false,
                  "pending": false,
                  "context": null,
                  "code": "cy.get(TRYBE_INPUT_DATE).should('exist');",
                  "err": {},
                  "uuid": "57403035-b9bb-4582-950b-068d01c82006",
                  "parentUUID": "3d44b8f7-4a59-4d0b-a53d-d38d2471db8c",
                  "isHook": false,
                  "skipped": false
                },
                {
                  "title": "Existe um elemento com o id `promo`",
                  "fullTitle": "travel-form 2 - Implemente o conteúdo do formulário `form` Existe um elemento com o id `promo`",
                  "timedOut": null,
                  "duration": 132,
                  "state": "passed",
                  "speed": "fast",
                  "pass": true,
                  "fail": false,
                  "pending": false,
                  "context": null,
                  "code": "cy.get(TRYBE_INPUT_CHECKBOX).should('exist');",
                  "err": {},
                  "uuid": "f77b39f5-4d2d-4043-84e3-5d00f59634c1",
                  "parentUUID": "3d44b8f7-4a59-4d0b-a53d-d38d2471db8c",
                  "isHook": false,
                  "skipped": false
                },
                {
                  "title": "Existe um elemento com o id `agreement`",
                  "fullTitle": "travel-form 2 - Implemente o conteúdo do formulário `form` Existe um elemento com o id `agreement`",
                  "timedOut": null,
                  "duration": 113,
                  "state": "passed",
                  "speed": "fast",
                  "pass": true,
                  "fail": false,
                  "pending": false,
                  "context": null,
                  "code": "cy.get(TRYBE_TRAVEL_CHECKBOX).should('exist');",
                  "err": {},
                  "uuid": "7db7c710-e427-4811-91cb-5c4521a4dd89",
                  "parentUUID": "3d44b8f7-4a59-4d0b-a53d-d38d2471db8c",
                  "isHook": false,
                  "skipped": false
                }
              ],
              "suites": [],
              "passes": [
                "109172cf-7a76-4925-aec5-e08e864f1b29",
                "8077e087-ec83-42f3-af25-a72be00e5c25",
                "6e0f495a-f881-47cd-a6c3-9799bf3a5e73",
                "a062c71b-eaa8-4064-af3e-f0695685ab00",
                "57403035-b9bb-4582-950b-068d01c82006",
                "f77b39f5-4d2d-4043-84e3-5d00f59634c1",
                "7db7c710-e427-4811-91cb-5c4521a4dd89"
              ],
              "failures": [],
              "pending": [],
              "skipped": [],
              "duration": 830,
              "root": false,
              "rootEmpty": false,
              "_timeout": 2000
            },
            {
              "uuid": "353d0248-fa06-4544-a882-2b07537d08f8",
              "title": "3 - Crie botões para o formulário `form`",
              "fullFile": "",
              "file": "",
              "beforeHooks": [],
              "afterHooks": [],
              "tests": [
                {
                  "title": "Existe um elemento com a tag `button`",
                  "fullTitle": "travel-form 3 - Crie botões para o formulário `form` Existe um elemento com a tag `button`",
                  "timedOut": null,
                  "duration": 119,
                  "state": "passed",
                  "speed": "fast",
                  "pass": true,
                  "fail": false,
                  "pending": false,
                  "context": null,
                  "code": "cy.get(TRYBE_TRAVEL_SUBMIT_BUTTON).should('exist');",
                  "err": {},
                  "uuid": "30335f64-cdba-4b23-af09-9ea0eb90b28c",
                  "parentUUID": "353d0248-fa06-4544-a882-2b07537d08f8",
                  "isHook": false,
                  "skipped": false
                },
                {
                  "title": "Verifica se o texto do botão é \"Enviar\"",
                  "fullTitle": "travel-form 3 - Crie botões para o formulário `form` Verifica se o texto do botão é \"Enviar\"",
                  "timedOut": null,
                  "duration": 113,
                  "state": "passed",
                  "speed": "fast",
                  "pass": true,
                  "fail": false,
                  "pending": false,
                  "context": null,
                  "code": "cy.get(TRYBE_TRAVEL_SUBMIT_BUTTON).should('have.text', 'Enviar');",
                  "err": {},
                  "uuid": "4852d2b1-24d3-44b2-8d59-bb3d06027ed4",
                  "parentUUID": "353d0248-fa06-4544-a882-2b07537d08f8",
                  "isHook": false,
                  "skipped": false
                },
                {
                  "title": "Existe um elemento com o id `submit-btn`",
                  "fullTitle": "travel-form 3 - Crie botões para o formulário `form` Existe um elemento com o id `submit-btn`",
                  "timedOut": null,
                  "duration": 107,
                  "state": "passed",
                  "speed": "fast",
                  "pass": true,
                  "fail": false,
                  "pending": false,
                  "context": null,
                  "code": "cy.get(TRYBE_TRAVEL_SUBMIT_BUTTON).should('exist');",
                  "err": {},
                  "uuid": "668574be-541f-4fc6-8066-bdccc657efd8",
                  "parentUUID": "353d0248-fa06-4544-a882-2b07537d08f8",
                  "isHook": false,
                  "skipped": false
                },
                {
                  "title": "Existe um elemento com o id `clear-btn`",
                  "fullTitle": "travel-form 3 - Crie botões para o formulário `form` Existe um elemento com o id `clear-btn`",
                  "timedOut": null,
                  "duration": 116,
                  "state": "passed",
                  "speed": "fast",
                  "pass": true,
                  "fail": false,
                  "pending": false,
                  "context": null,
                  "code": "cy.get(TRYBE_TRAVEL_CLEAR_BUTTON).should('exist');",
                  "err": {},
                  "uuid": "da48120b-dc4b-4bce-b302-983743c15f46",
                  "parentUUID": "353d0248-fa06-4544-a882-2b07537d08f8",
                  "isHook": false,
                  "skipped": false
                }
              ],
              "suites": [],
              "passes": [
                "30335f64-cdba-4b23-af09-9ea0eb90b28c",
                "4852d2b1-24d3-44b2-8d59-bb3d06027ed4",
                "668574be-541f-4fc6-8066-bdccc657efd8",
                "da48120b-dc4b-4bce-b302-983743c15f46"
              ],
              "failures": [],
              "pending": [],
              "skipped": [],
              "duration": 455,
              "root": false,
              "rootEmpty": false,
              "_timeout": 2000
            },
            {
              "uuid": "2fbb99c9-e619-4daf-936c-9c9925c05866",
              "title": "4 - Manipule as informações via javascript",
              "fullFile": "",
              "file": "",
              "beforeHooks": [],
              "afterHooks": [],
              "tests": [
                {
                  "title": "Verifica o uso do eventPreventDefault()",
                  "fullTitle": "travel-form 4 - Manipule as informações via javascript Verifica o uso do eventPreventDefault()",
                  "timedOut": null,
                  "duration": 1460,
                  "state": "passed",
                  "speed": "fast",
                  "pass": true,
                  "fail": false,
                  "pending": false,
                  "context": null,
                  "code": "cy.window().then(win => {\n  win.document.erro = 'Erro: A página não pode se atualizar ao clicar no botão Enviar.';\n});\ncy.get(TRYBE_TRAVEL_NAME).type('Teste');\ncy.get(TRYBE_TRAVEL_EMAIL).type('teste@gmail.com');\ncy.get(TRYBE_TRAVEL_QUESTION).type('teste');\ncy.get(TRYBE_INPUT_DATE).type('2023-01-30');\ncy.get(TRYBE_INPUT_CHECKBOX).check();\ncy.get(TRYBE_TRAVEL_CHECKBOX).check();\ncy.get(TRYBE_TRAVEL_SUBMIT_BUTTON).click();\ncy.window().then(win => {\n  expect('Erro: A página não pode se atualizar ao clicar no botão Enviar.').to.equal(win.document.erro);\n});",
                  "err": {},
                  "uuid": "45c13a78-8cd2-415a-9c45-75e9eaffb0ad",
                  "parentUUID": "2fbb99c9-e619-4daf-936c-9c9925c05866",
                  "isHook": false,
                  "skipped": false
                },
                {
                  "title": "Verifica se ao clicar no botão limpar os campos limpam.",
                  "fullTitle": "travel-form 4 - Manipule as informações via javascript Verifica se ao clicar no botão limpar os campos limpam.",
                  "timedOut": null,
                  "duration": 1538,
                  "state": "passed",
                  "speed": "fast",
                  "pass": true,
                  "fail": false,
                  "pending": false,
                  "context": null,
                  "code": "cy.get(TRYBE_TRAVEL_NAME).type('clear Teste');\ncy.get(TRYBE_TRAVEL_EMAIL).type('teste@gmail.com');\ncy.get(TRYBE_TRAVEL_QUESTION).type('teste');\ncy.get(TRYBE_INPUT_DATE).type('2023-01-30');\ncy.get(TRYBE_INPUT_CHECKBOX).check();\ncy.get(TRYBE_TRAVEL_CHECKBOX).check();\ncy.get(TRYBE_TRAVEL_CLEAR_BUTTON).click();\ncy.get(TRYBE_TRAVEL_NAME).should('have.value', '');",
                  "err": {},
                  "uuid": "b8eb3e5d-cd2f-47f6-a2bd-9fa2f323575b",
                  "parentUUID": "2fbb99c9-e619-4daf-936c-9c9925c05866",
                  "isHook": false,
                  "skipped": false
                }
              ],
              "suites": [],
              "passes": [
                "45c13a78-8cd2-415a-9c45-75e9eaffb0ad",
                "b8eb3e5d-cd2f-47f6-a2bd-9fa2f323575b"
              ],
              "failures": [],
              "pending": [],
              "skipped": [],
              "duration": 2998,
              "root": false,
              "rootEmpty": false,
              "_timeout": 2000
            },
            {
              "uuid": "016e4641-a8ca-4778-8b77-1d4144d55062",
              "title": "5 - Faça a validação de imagem ao clicar no checkbox correspondente.",
              "fullFile": "",
              "file": "",
              "beforeHooks": [],
              "afterHooks": [],
              "tests": [
                {
                  "title": "Existe um elemento do tipo checkbox com o id `agreement`",
                  "fullTitle": "travel-form 5 - Faça a validação de imagem ao clicar no checkbox correspondente. Existe um elemento do tipo checkbox com o id `agreement`",
                  "timedOut": null,
                  "duration": 209,
                  "state": "passed",
                  "speed": "fast",
                  "pass": true,
                  "fail": false,
                  "pending": false,
                  "context": null,
                  "code": "cy.get('input#agreement[type=\"checkbox\"]').should('exist');",
                  "err": {},
                  "uuid": "a79721b1-866a-45f0-9ef2-bd8bfcf1f234",
                  "parentUUID": "016e4641-a8ca-4778-8b77-1d4144d55062",
                  "isHook": false,
                  "skipped": false
                },
                {
                  "title": "Antes de marcar o campo de confirmação, o botão de Enviar deve estar desabilitado",
                  "fullTitle": "travel-form 5 - Faça a validação de imagem ao clicar no checkbox correspondente. Antes de marcar o campo de confirmação, o botão de Enviar deve estar desabilitado",
                  "timedOut": null,
                  "duration": 113,
                  "state": "passed",
                  "speed": "fast",
                  "pass": true,
                  "fail": false,
                  "pending": false,
                  "context": null,
                  "code": "cy.get('button#submit-btn').should('be.disabled');",
                  "err": {},
                  "uuid": "6701dbd2-5802-4fa0-99a2-e7eca691122d",
                  "parentUUID": "016e4641-a8ca-4778-8b77-1d4144d55062",
                  "isHook": false,
                  "skipped": false
                },
                {
                  "title": "Ao marcar o campo de confirmação, o botão de Enviar deve ser habilitado",
                  "fullTitle": "travel-form 5 - Faça a validação de imagem ao clicar no checkbox correspondente. Ao marcar o campo de confirmação, o botão de Enviar deve ser habilitado",
                  "timedOut": null,
                  "duration": 201,
                  "state": "passed",
                  "speed": "fast",
                  "pass": true,
                  "fail": false,
                  "pending": false,
                  "context": null,
                  "code": "cy.get('input#agreement').check();\ncy.get('button#submit-btn').should('not.be.disabled');",
                  "err": {},
                  "uuid": "2b4bff04-84d0-4a7d-af9a-fe0155d24259",
                  "parentUUID": "016e4641-a8ca-4778-8b77-1d4144d55062",
                  "isHook": false,
                  "skipped": false
                }
              ],
              "suites": [],
              "passes": [
                "a79721b1-866a-45f0-9ef2-bd8bfcf1f234",
                "6701dbd2-5802-4fa0-99a2-e7eca691122d",
                "2b4bff04-84d0-4a7d-af9a-fe0155d24259"
              ],
              "failures": [],
              "pending": [],
              "skipped": [],
              "duration": 523,
              "root": false,
              "rootEmpty": false,
              "_timeout": 2000
            },
            {
              "uuid": "d28801c2-011a-45e2-886e-961d5c932e89",
              "title": "6 - Faça a validação dos campos do formulário.",
              "fullFile": "",
              "file": "",
              "beforeHooks": [],
              "afterHooks": [],
              "tests": [
                {
                  "title": "o input \"Nome Completo\" teve ter no máximo 40 caracteres",
                  "fullTitle": "travel-form 6 - Faça a validação dos campos do formulário. o input \"Nome Completo\" teve ter no máximo 40 caracteres",
                  "timedOut": null,
                  "duration": 836,
                  "state": "passed",
                  "speed": "fast",
                  "pass": true,
                  "fail": false,
                  "pending": false,
                  "context": null,
                  "code": "cy.get(TRYBE_TRAVEL_NAME).type('text'.repeat(10));\ncy.get(TRYBE_TRAVEL_NAME).invoke('val').should(value => {\n  expect(value).to.match(/^[a-z]{40}$/);\n});",
                  "err": {},
                  "uuid": "d5c8303d-7298-4ebe-9515-c2ad3cd7c7b3",
                  "parentUUID": "d28801c2-011a-45e2-886e-961d5c932e89",
                  "isHook": false,
                  "skipped": false
                },
                {
                  "title": "o input \"E-mail\" teve ter no máximo 50 caracteres",
                  "fullTitle": "travel-form 6 - Faça a validação dos campos do formulário. o input \"E-mail\" teve ter no máximo 50 caracteres",
                  "timedOut": null,
                  "duration": 936,
                  "state": "passed",
                  "speed": "fast",
                  "pass": true,
                  "fail": false,
                  "pending": false,
                  "context": null,
                  "code": "cy.get(TRYBE_TRAVEL_EMAIL).type('text'.repeat(13));\ncy.get(TRYBE_TRAVEL_EMAIL).invoke('val').should(value => {\n  expect(value).to.match(/^[a-z]{50}$/);\n});",
                  "err": {},
                  "uuid": "8063732e-c186-421b-8a52-8e5695891c17",
                  "parentUUID": "d28801c2-011a-45e2-886e-961d5c932e89",
                  "isHook": false,
                  "skipped": false
                },
                {
                  "title": "O textarea deve ter no máximo 500 caracteres",
                  "fullTitle": "travel-form 6 - Faça a validação dos campos do formulário. O textarea deve ter no máximo 500 caracteres",
                  "timedOut": null,
                  "duration": 10476,
                  "state": "passed",
                  "speed": "slow",
                  "pass": true,
                  "fail": false,
                  "pending": false,
                  "context": null,
                  "code": "cy.get(TRYBE_TRAVEL_QUESTION).type('text'.repeat(200));\ncy.get(TRYBE_TRAVEL_QUESTION).invoke('val').should(value => {\n  expect(value).to.match(/^[a-z]{500}$/);\n});",
                  "err": {},
                  "uuid": "c15e2527-e833-40a2-8a98-1f182d381d25",
                  "parentUUID": "d28801c2-011a-45e2-886e-961d5c932e89",
                  "isHook": false,
                  "skipped": false
                }
              ],
              "suites": [],
              "passes": [
                "d5c8303d-7298-4ebe-9515-c2ad3cd7c7b3",
                "8063732e-c186-421b-8a52-8e5695891c17",
                "c15e2527-e833-40a2-8a98-1f182d381d25"
              ],
              "failures": [],
              "pending": [],
              "skipped": [],
              "duration": 12248,
              "root": false,
              "rootEmpty": false,
              "_timeout": 2000
            }
          ],
          "passes": [],
          "failures": [],
          "pending": [],
          "skipped": [],
          "duration": 0,
          "root": false,
          "rootEmpty": false,
          "_timeout": 2000
        }
      ],
      "passes": [],
      "failures": [],
      "pending": [],
      "skipped": [],
      "duration": 0,
      "root": true,
      "rootEmpty": true,
      "_timeout": 2000
    }
  ],
  "meta": {
    "mocha": {
      "version": "7.0.1"
    },
    "mochawesome": {
      "options": {
        "quiet": false,
        "reportFilename": "mochawesome",
        "saveHtml": false,
        "saveJson": true,
        "consoleReporter": "spec",
        "useInlineDiffs": false,
        "code": true
      },
      "version": "6.2.2"
    },
    "marge": {
      "options": {
        "id": "default",
        "reportDir": "cypress/reports",
        "overwrite": false,
        "html": false,
        "json": true
      },
      "version": "5.2.0"
    }
  }
}