{
  "stats": {
    "suites": 7,
    "tests": 22,
    "passes": 18,
    "pending": 0,
    "failures": 4,
    "start": "2023-02-08T21:25:49.910Z",
    "end": "2023-02-08T21:26:36.655Z",
    "duration": 46745,
    "testsRegistered": 22,
    "passPercent": 81.81818181818183,
    "pendingPercent": 0,
    "other": 0,
    "hasOther": false,
    "skipped": 0,
    "hasSkipped": false
  },
  "results": [
    {
      "uuid": "6e0462cd-20f2-40d8-a96b-80c5d1c049a5",
      "title": "",
      "fullFile": "cypress/integration/project.spec.js",
      "file": "cypress/integration/project.spec.js",
      "beforeHooks": [],
      "afterHooks": [],
      "tests": [],
      "suites": [
        {
          "uuid": "87f48325-2375-43f7-a87b-edadd8cefdb3",
          "title": "travel-form",
          "fullFile": "",
          "file": "",
          "beforeHooks": [],
          "afterHooks": [],
          "tests": [],
          "suites": [
            {
              "uuid": "adfcb613-f53d-4a7b-b5ed-09191e767756",
              "title": "1 - Crie um título para seu formulário com a tag `h1`",
              "fullFile": "",
              "file": "",
              "beforeHooks": [],
              "afterHooks": [],
              "tests": [
                {
                  "title": "O título deve possuir a tag `h1` e o id `title`",
                  "fullTitle": "travel-form 1 - Crie um título para seu formulário com a tag `h1` O título deve possuir a tag `h1` e o id `title`",
                  "timedOut": null,
                  "duration": 266,
                  "state": "passed",
                  "speed": "fast",
                  "pass": true,
                  "fail": false,
                  "pending": false,
                  "context": null,
                  "code": "cy.get(TRYBE_TRAVEL_TITLE).should('exist');",
                  "err": {},
                  "uuid": "705d2b96-0786-488a-a85f-43e2d14da7d9",
                  "parentUUID": "adfcb613-f53d-4a7b-b5ed-09191e767756",
                  "isHook": false,
                  "skipped": false
                },
                {
                  "title": "Verifica se o texto do título é \"Formulário Trybe Travel\"",
                  "fullTitle": "travel-form 1 - Crie um título para seu formulário com a tag `h1` Verifica se o texto do título é \"Formulário Trybe Travel\"",
                  "timedOut": null,
                  "duration": 83,
                  "state": "passed",
                  "speed": "fast",
                  "pass": true,
                  "fail": false,
                  "pending": false,
                  "context": null,
                  "code": "cy.get(TRYBE_TRAVEL_TITLE).should('have.text', 'Formulário Trybe Travel');",
                  "err": {},
                  "uuid": "cc07715a-aad4-4942-90c5-e3030eb4dab6",
                  "parentUUID": "adfcb613-f53d-4a7b-b5ed-09191e767756",
                  "isHook": false,
                  "skipped": false
                },
                {
                  "title": "O formulário deve possuir o id `main-form`",
                  "fullTitle": "travel-form 1 - Crie um título para seu formulário com a tag `h1` O formulário deve possuir o id `main-form`",
                  "timedOut": null,
                  "duration": 82,
                  "state": "passed",
                  "speed": "fast",
                  "pass": true,
                  "fail": false,
                  "pending": false,
                  "context": null,
                  "code": "cy.get(TRYBE_TRAVEL_FORM).should('exist');",
                  "err": {},
                  "uuid": "a6da4a83-9c57-4a83-9760-3ea0ae8e4813",
                  "parentUUID": "adfcb613-f53d-4a7b-b5ed-09191e767756",
                  "isHook": false,
                  "skipped": false
                }
              ],
              "suites": [],
              "passes": [
                "705d2b96-0786-488a-a85f-43e2d14da7d9",
                "cc07715a-aad4-4942-90c5-e3030eb4dab6",
                "a6da4a83-9c57-4a83-9760-3ea0ae8e4813"
              ],
              "failures": [],
              "pending": [],
              "skipped": [],
              "duration": 431,
              "root": false,
              "rootEmpty": false,
              "_timeout": 2000
            },
            {
              "uuid": "6f7aa00b-0e6e-4f3d-b5c5-3b94de25f892",
              "title": "2 - Implemente o conteúdo do formulário `form`",
              "fullFile": "",
              "file": "",
              "beforeHooks": [],
              "afterHooks": [],
              "tests": [
                {
                  "title": "Existe um elemento com o id `fullName`",
                  "fullTitle": "travel-form 2 - Implemente o conteúdo do formulário `form` Existe um elemento com o id `fullName`",
                  "timedOut": null,
                  "duration": 95,
                  "state": "passed",
                  "speed": "fast",
                  "pass": true,
                  "fail": false,
                  "pending": false,
                  "context": null,
                  "code": "cy.get(TRYBE_TRAVEL_NAME).should('exist');",
                  "err": {},
                  "uuid": "de6dc4e1-5145-4a73-9111-23e9faa87a24",
                  "parentUUID": "6f7aa00b-0e6e-4f3d-b5c5-3b94de25f892",
                  "isHook": false,
                  "skipped": false
                },
                {
                  "title": "Existe um elemento com o id `email`",
                  "fullTitle": "travel-form 2 - Implemente o conteúdo do formulário `form` Existe um elemento com o id `email`",
                  "timedOut": null,
                  "duration": 80,
                  "state": "passed",
                  "speed": "fast",
                  "pass": true,
                  "fail": false,
                  "pending": false,
                  "context": null,
                  "code": "cy.get(TRYBE_TRAVEL_EMAIL).should('exist');",
                  "err": {},
                  "uuid": "d79449cb-2a28-4b66-98f1-b9db8972c13e",
                  "parentUUID": "6f7aa00b-0e6e-4f3d-b5c5-3b94de25f892",
                  "isHook": false,
                  "skipped": false
                },
                {
                  "title": "Existem quatro elementos com o name `destinations`",
                  "fullTitle": "travel-form 2 - Implemente o conteúdo do formulário `form` Existem quatro elementos com o name `destinations`",
                  "timedOut": null,
                  "duration": 86,
                  "state": "passed",
                  "speed": "fast",
                  "pass": true,
                  "fail": false,
                  "pending": false,
                  "context": null,
                  "code": "cy.get(TRYBE_TRAVEL_FORM).find('[name=\"destinations\"]').its('length').should('be.gte', 4);",
                  "err": {},
                  "uuid": "f63a4693-be0c-4423-8332-b3fde337880e",
                  "parentUUID": "6f7aa00b-0e6e-4f3d-b5c5-3b94de25f892",
                  "isHook": false,
                  "skipped": false
                },
                {
                  "title": "Existe um elemento com o id `question`",
                  "fullTitle": "travel-form 2 - Implemente o conteúdo do formulário `form` Existe um elemento com o id `question`",
                  "timedOut": null,
                  "duration": 88,
                  "state": "passed",
                  "speed": "fast",
                  "pass": true,
                  "fail": false,
                  "pending": false,
                  "context": null,
                  "code": "cy.get(TRYBE_TRAVEL_QUESTION).should('exist');",
                  "err": {},
                  "uuid": "4d4dd319-ec53-4191-b44a-eda52192cf05",
                  "parentUUID": "6f7aa00b-0e6e-4f3d-b5c5-3b94de25f892",
                  "isHook": false,
                  "skipped": false
                },
                {
                  "title": "Existe um elemento com o id `date`",
                  "fullTitle": "travel-form 2 - Implemente o conteúdo do formulário `form` Existe um elemento com o id `date`",
                  "timedOut": null,
                  "duration": 81,
                  "state": "passed",
                  "speed": "fast",
                  "pass": true,
                  "fail": false,
                  "pending": false,
                  "context": null,
                  "code": "cy.get(TRYBE_INPUT_DATE).should('exist');",
                  "err": {},
                  "uuid": "6432d04a-5b47-44aa-8570-4aa5d123e647",
                  "parentUUID": "6f7aa00b-0e6e-4f3d-b5c5-3b94de25f892",
                  "isHook": false,
                  "skipped": false
                },
                {
                  "title": "Existe um elemento com o id `promo`",
                  "fullTitle": "travel-form 2 - Implemente o conteúdo do formulário `form` Existe um elemento com o id `promo`",
                  "timedOut": null,
                  "duration": 86,
                  "state": "passed",
                  "speed": "fast",
                  "pass": true,
                  "fail": false,
                  "pending": false,
                  "context": null,
                  "code": "cy.get(TRYBE_INPUT_CHECKBOX).should('exist');",
                  "err": {},
                  "uuid": "faea113b-9593-44f8-9806-e9b3a928d5a6",
                  "parentUUID": "6f7aa00b-0e6e-4f3d-b5c5-3b94de25f892",
                  "isHook": false,
                  "skipped": false
                },
                {
                  "title": "Existe um elemento com o id `agreement`",
                  "fullTitle": "travel-form 2 - Implemente o conteúdo do formulário `form` Existe um elemento com o id `agreement`",
                  "timedOut": null,
                  "duration": 89,
                  "state": "passed",
                  "speed": "fast",
                  "pass": true,
                  "fail": false,
                  "pending": false,
                  "context": null,
                  "code": "cy.get(TRYBE_TRAVEL_CHECKBOX).should('exist');",
                  "err": {},
                  "uuid": "ad699110-7976-4dce-a0b2-fe65acde5733",
                  "parentUUID": "6f7aa00b-0e6e-4f3d-b5c5-3b94de25f892",
                  "isHook": false,
                  "skipped": false
                }
              ],
              "suites": [],
              "passes": [
                "de6dc4e1-5145-4a73-9111-23e9faa87a24",
                "d79449cb-2a28-4b66-98f1-b9db8972c13e",
                "f63a4693-be0c-4423-8332-b3fde337880e",
                "4d4dd319-ec53-4191-b44a-eda52192cf05",
                "6432d04a-5b47-44aa-8570-4aa5d123e647",
                "faea113b-9593-44f8-9806-e9b3a928d5a6",
                "ad699110-7976-4dce-a0b2-fe65acde5733"
              ],
              "failures": [],
              "pending": [],
              "skipped": [],
              "duration": 605,
              "root": false,
              "rootEmpty": false,
              "_timeout": 2000
            },
            {
              "uuid": "040f7df9-853e-4b05-869e-e32d351673a4",
              "title": "3 - Crie botões para o formulário `form`",
              "fullFile": "",
              "file": "",
              "beforeHooks": [],
              "afterHooks": [],
              "tests": [
                {
                  "title": "Existe um elemento com a tag `button`",
                  "fullTitle": "travel-form 3 - Crie botões para o formulário `form` Existe um elemento com a tag `button`",
                  "timedOut": null,
                  "duration": 91,
                  "state": "passed",
                  "speed": "fast",
                  "pass": true,
                  "fail": false,
                  "pending": false,
                  "context": null,
                  "code": "cy.get(TRYBE_TRAVEL_SUBMIT_BUTTON).should('exist');",
                  "err": {},
                  "uuid": "d3ae490b-079c-4a53-9658-e493e02e1197",
                  "parentUUID": "040f7df9-853e-4b05-869e-e32d351673a4",
                  "isHook": false,
                  "skipped": false
                },
                {
                  "title": "Verifica se o texto do botão é \"Enviar\"",
                  "fullTitle": "travel-form 3 - Crie botões para o formulário `form` Verifica se o texto do botão é \"Enviar\"",
                  "timedOut": null,
                  "duration": 10102,
                  "state": "failed",
                  "speed": null,
                  "pass": false,
                  "fail": true,
                  "pending": false,
                  "context": null,
                  "code": "cy.get(TRYBE_TRAVEL_SUBMIT_BUTTON).should('have.text', 'Enviar');",
                  "err": {
                    "message": "AssertionError: Timed out retrying after 10000ms: expected '<button#submit-btn>' to have text 'Enviar', but the text was 'Limpar'",
                    "estack": "AssertionError: Timed out retrying after 10000ms: expected '<button#submit-btn>' to have text 'Enviar', but the text was 'Limpar'\n    at Context.eval (http://localhost:38467/__cypress/tests?p=cypress/integration/project.spec.js:161:42)",
                    "diff": "- 'Limpar'\n+ 'Enviar'\n"
                  },
                  "uuid": "361fa281-a44f-4ed9-b082-afa023ee494e",
                  "parentUUID": "040f7df9-853e-4b05-869e-e32d351673a4",
                  "isHook": false,
                  "skipped": false
                },
                {
                  "title": "Existe um elemento com o id `submit-btn`",
                  "fullTitle": "travel-form 3 - Crie botões para o formulário `form` Existe um elemento com o id `submit-btn`",
                  "timedOut": null,
                  "duration": 131,
                  "state": "passed",
                  "speed": "fast",
                  "pass": true,
                  "fail": false,
                  "pending": false,
                  "context": null,
                  "code": "cy.get(TRYBE_TRAVEL_SUBMIT_BUTTON).should('exist');",
                  "err": {},
                  "uuid": "2d1aa971-36ea-442e-9af2-09276508928b",
                  "parentUUID": "040f7df9-853e-4b05-869e-e32d351673a4",
                  "isHook": false,
                  "skipped": false
                },
                {
                  "title": "Existe um elemento com o id `clear-btn`",
                  "fullTitle": "travel-form 3 - Crie botões para o formulário `form` Existe um elemento com o id `clear-btn`",
                  "timedOut": null,
                  "duration": 78,
                  "state": "passed",
                  "speed": "fast",
                  "pass": true,
                  "fail": false,
                  "pending": false,
                  "context": null,
                  "code": "cy.get(TRYBE_TRAVEL_CLEAR_BUTTON).should('exist');",
                  "err": {},
                  "uuid": "435c2759-4c3e-4ba8-9a23-b2edc7159028",
                  "parentUUID": "040f7df9-853e-4b05-869e-e32d351673a4",
                  "isHook": false,
                  "skipped": false
                }
              ],
              "suites": [],
              "passes": [
                "d3ae490b-079c-4a53-9658-e493e02e1197",
                "2d1aa971-36ea-442e-9af2-09276508928b",
                "435c2759-4c3e-4ba8-9a23-b2edc7159028"
              ],
              "failures": [
                "361fa281-a44f-4ed9-b082-afa023ee494e"
              ],
              "pending": [],
              "skipped": [],
              "duration": 10402,
              "root": false,
              "rootEmpty": false,
              "_timeout": 2000
            },
            {
              "uuid": "1f8cffd8-c19e-418b-8f97-114a8c56a22d",
              "title": "4 - Manipule as informações via javascript",
              "fullFile": "",
              "file": "",
              "beforeHooks": [],
              "afterHooks": [],
              "tests": [
                {
                  "title": "Verifica o uso do eventPreventDefault()",
                  "fullTitle": "travel-form 4 - Manipule as informações via javascript Verifica o uso do eventPreventDefault()",
                  "timedOut": null,
                  "duration": 1371,
                  "state": "failed",
                  "speed": null,
                  "pass": false,
                  "fail": true,
                  "pending": false,
                  "context": null,
                  "code": "cy.window().then(win => {\n  win.document.erro = 'Erro: A página não pode se atualizar ao clicar no botão Enviar.';\n});\ncy.get(TRYBE_TRAVEL_NAME).type('Teste');\ncy.get(TRYBE_TRAVEL_EMAIL).type('teste@gmail.com');\ncy.get(TRYBE_TRAVEL_QUESTION).type('teste');\ncy.get(TRYBE_INPUT_DATE).type('2023-01-30');\ncy.get(TRYBE_INPUT_CHECKBOX).check();\ncy.get(TRYBE_TRAVEL_CHECKBOX).check();\ncy.get(TRYBE_TRAVEL_SUBMIT_BUTTON).click();\ncy.window().then(win => {\n  expect('Erro: A página não pode se atualizar ao clicar no botão Enviar.').to.equal(win.document.erro);\n});",
                  "err": {
                    "message": "AssertionError: expected 'Erro: A página não pode se atualizar ao clicar no botão Enviar.' to equal undefined",
                    "estack": "AssertionError: expected 'Erro: A página não pode se atualizar ao clicar no botão Enviar.' to equal undefined\n    at Context.eval (http://localhost:38467/__cypress/tests?p=cypress/integration/project.spec.js:183:86)",
                    "diff": null
                  },
                  "uuid": "62a1f870-c860-4359-b9eb-4a1493ecd0b5",
                  "parentUUID": "1f8cffd8-c19e-418b-8f97-114a8c56a22d",
                  "isHook": false,
                  "skipped": false
                },
                {
                  "title": "Verifica se ao clicar no botão limpar os campos limpam.",
                  "fullTitle": "travel-form 4 - Manipule as informações via javascript Verifica se ao clicar no botão limpar os campos limpam.",
                  "timedOut": null,
                  "duration": 1442,
                  "state": "passed",
                  "speed": "fast",
                  "pass": true,
                  "fail": false,
                  "pending": false,
                  "context": null,
                  "code": "cy.get(TRYBE_TRAVEL_NAME).type('clear Teste');\ncy.get(TRYBE_TRAVEL_EMAIL).type('teste@gmail.com');\ncy.get(TRYBE_TRAVEL_QUESTION).type('teste');\ncy.get(TRYBE_INPUT_DATE).type('2023-01-30');\ncy.get(TRYBE_INPUT_CHECKBOX).check();\ncy.get(TRYBE_TRAVEL_CHECKBOX).check();\ncy.get(TRYBE_TRAVEL_CLEAR_BUTTON).click();\ncy.get(TRYBE_TRAVEL_NAME).should('have.value', '');",
                  "err": {},
                  "uuid": "75818da0-c5cd-4f73-8412-43a1b605d6d0",
                  "parentUUID": "1f8cffd8-c19e-418b-8f97-114a8c56a22d",
                  "isHook": false,
                  "skipped": false
                }
              ],
              "suites": [],
              "passes": [
                "75818da0-c5cd-4f73-8412-43a1b605d6d0"
              ],
              "failures": [
                "62a1f870-c860-4359-b9eb-4a1493ecd0b5"
              ],
              "pending": [],
              "skipped": [],
              "duration": 2813,
              "root": false,
              "rootEmpty": false,
              "_timeout": 2000
            },
            {
              "uuid": "655660f8-79ae-42bf-a969-2cbe0c1815f9",
              "title": "5 - Faça a validação de imagem ao clicar no checkbox correspondente.",
              "fullFile": "",
              "file": "",
              "beforeHooks": [],
              "afterHooks": [],
              "tests": [
                {
                  "title": "Existe um elemento do tipo checkbox com o id `agreement`",
                  "fullTitle": "travel-form 5 - Faça a validação de imagem ao clicar no checkbox correspondente. Existe um elemento do tipo checkbox com o id `agreement`",
                  "timedOut": null,
                  "duration": 126,
                  "state": "passed",
                  "speed": "fast",
                  "pass": true,
                  "fail": false,
                  "pending": false,
                  "context": null,
                  "code": "cy.get('input#agreement[type=\"checkbox\"]').should('exist');",
                  "err": {},
                  "uuid": "e7deec2c-34dc-47d9-b9a6-f6698b35222c",
                  "parentUUID": "655660f8-79ae-42bf-a969-2cbe0c1815f9",
                  "isHook": false,
                  "skipped": false
                },
                {
                  "title": "Antes de marcar o campo de confirmação, o botão de Enviar deve estar desabilitado",
                  "fullTitle": "travel-form 5 - Faça a validação de imagem ao clicar no checkbox correspondente. Antes de marcar o campo de confirmação, o botão de Enviar deve estar desabilitado",
                  "timedOut": null,
                  "duration": 10074,
                  "state": "failed",
                  "speed": null,
                  "pass": false,
                  "fail": true,
                  "pending": false,
                  "context": null,
                  "code": "cy.get('button#submit-btn').should('be.disabled');",
                  "err": {
                    "message": "AssertionError: Timed out retrying after 10000ms: expected '<button#submit-btn>' to be 'disabled'",
                    "estack": "AssertionError: Timed out retrying after 10000ms: expected '<button#submit-btn>' to be 'disabled'\n    at Context.eval (http://localhost:38467/__cypress/tests?p=cypress/integration/project.spec.js:202:35)",
                    "diff": null
                  },
                  "uuid": "e96bc32a-cc70-4a9f-a341-ebc8380eb9ff",
                  "parentUUID": "655660f8-79ae-42bf-a969-2cbe0c1815f9",
                  "isHook": false,
                  "skipped": false
                },
                {
                  "title": "Ao marcar o campo de confirmação, o botão de Enviar deve ser habilitado",
                  "fullTitle": "travel-form 5 - Faça a validação de imagem ao clicar no checkbox correspondente. Ao marcar o campo de confirmação, o botão de Enviar deve ser habilitado",
                  "timedOut": null,
                  "duration": 192,
                  "state": "passed",
                  "speed": "fast",
                  "pass": true,
                  "fail": false,
                  "pending": false,
                  "context": null,
                  "code": "cy.get('input#agreement').check();\ncy.get('button#submit-btn').should('not.be.disabled');",
                  "err": {},
                  "uuid": "10ee0210-ac2e-4027-989e-652e3b683442",
                  "parentUUID": "655660f8-79ae-42bf-a969-2cbe0c1815f9",
                  "isHook": false,
                  "skipped": false
                }
              ],
              "suites": [],
              "passes": [
                "e7deec2c-34dc-47d9-b9a6-f6698b35222c",
                "10ee0210-ac2e-4027-989e-652e3b683442"
              ],
              "failures": [
                "e96bc32a-cc70-4a9f-a341-ebc8380eb9ff"
              ],
              "pending": [],
              "skipped": [],
              "duration": 10392,
              "root": false,
              "rootEmpty": false,
              "_timeout": 2000
            },
            {
              "uuid": "49ab14b9-61f2-4e8c-8f8e-fd970225aaa4",
              "title": "6 - Faça a validação dos campos do formulário.",
              "fullFile": "",
              "file": "",
              "beforeHooks": [],
              "afterHooks": [],
              "tests": [
                {
                  "title": "o input \"Nome Completo\" teve ter no máximo 40 caracteres",
                  "fullTitle": "travel-form 6 - Faça a validação dos campos do formulário. o input \"Nome Completo\" teve ter no máximo 40 caracteres",
                  "timedOut": null,
                  "duration": 761,
                  "state": "passed",
                  "speed": "fast",
                  "pass": true,
                  "fail": false,
                  "pending": false,
                  "context": null,
                  "code": "cy.get(TRYBE_TRAVEL_NAME).type('text'.repeat(10));\ncy.get(TRYBE_TRAVEL_NAME).invoke('val').should(value => {\n  expect(value).to.match(/^[a-z]{40}$/);\n});",
                  "err": {},
                  "uuid": "298d138c-d6f7-498f-97f5-8fb1619a6700",
                  "parentUUID": "49ab14b9-61f2-4e8c-8f8e-fd970225aaa4",
                  "isHook": false,
                  "skipped": false
                },
                {
                  "title": "o input \"E-mail\" teve ter no máximo 50 caracteres",
                  "fullTitle": "travel-form 6 - Faça a validação dos campos do formulário. o input \"E-mail\" teve ter no máximo 50 caracteres",
                  "timedOut": null,
                  "duration": 10898,
                  "state": "failed",
                  "speed": null,
                  "pass": false,
                  "fail": true,
                  "pending": false,
                  "context": null,
                  "code": "cy.get(TRYBE_TRAVEL_EMAIL).type('text'.repeat(13));\ncy.get(TRYBE_TRAVEL_EMAIL).invoke('val').should(value => {\n  expect(value).to.match(/^[a-z]{50}$/);\n});",
                  "err": {
                    "message": "AssertionError: Timed out retrying after 10000ms: expected 'texttexttexttexttexttexttexttexttexttexttexttexttext' to match /^[a-z]{50}$/",
                    "estack": "AssertionError: Timed out retrying after 10000ms: expected 'texttexttexttexttexttexttexttexttexttexttexttexttext' to match /^[a-z]{50}$/\n    at Context.eval (http://localhost:38467/__cypress/tests?p=cypress/integration/project.spec.js:219:26)",
                    "diff": null
                  },
                  "uuid": "d8d40595-f96f-425e-bb7a-196c5681c61f",
                  "parentUUID": "49ab14b9-61f2-4e8c-8f8e-fd970225aaa4",
                  "isHook": false,
                  "skipped": false
                },
                {
                  "title": "O textarea deve ter no máximo 500 caracteres",
                  "fullTitle": "travel-form 6 - Faça a validação dos campos do formulário. O textarea deve ter no máximo 500 caracteres",
                  "timedOut": null,
                  "duration": 10200,
                  "state": "passed",
                  "speed": "slow",
                  "pass": true,
                  "fail": false,
                  "pending": false,
                  "context": null,
                  "code": "cy.get(TRYBE_TRAVEL_QUESTION).type('text'.repeat(200));\ncy.get(TRYBE_TRAVEL_QUESTION).invoke('val').should(value => {\n  expect(value).to.match(/^[a-z]{500}$/);\n});",
                  "err": {},
                  "uuid": "4225d785-8c06-4b86-8529-3e3dbb3f7bcb",
                  "parentUUID": "49ab14b9-61f2-4e8c-8f8e-fd970225aaa4",
                  "isHook": false,
                  "skipped": false
                }
              ],
              "suites": [],
              "passes": [
                "298d138c-d6f7-498f-97f5-8fb1619a6700",
                "4225d785-8c06-4b86-8529-3e3dbb3f7bcb"
              ],
              "failures": [
                "d8d40595-f96f-425e-bb7a-196c5681c61f"
              ],
              "pending": [],
              "skipped": [],
              "duration": 21859,
              "root": false,
              "rootEmpty": false,
              "_timeout": 2000
            }
          ],
          "passes": [],
          "failures": [],
          "pending": [],
          "skipped": [],
          "duration": 0,
          "root": false,
          "rootEmpty": false,
          "_timeout": 2000
        }
      ],
      "passes": [],
      "failures": [],
      "pending": [],
      "skipped": [],
      "duration": 0,
      "root": true,
      "rootEmpty": true,
      "_timeout": 2000
    }
  ],
  "meta": {
    "mocha": {
      "version": "7.0.1"
    },
    "mochawesome": {
      "options": {
        "quiet": false,
        "reportFilename": "mochawesome",
        "saveHtml": false,
        "saveJson": true,
        "consoleReporter": "spec",
        "useInlineDiffs": false,
        "code": true
      },
      "version": "6.2.2"
    },
    "marge": {
      "options": {
        "id": "default",
        "reportDir": "cypress/reports",
        "overwrite": false,
        "html": false,
        "json": true
      },
      "version": "5.2.0"
    }
  }
}