{
  "stats": {
    "suites": 7,
    "tests": 22,
    "passes": 18,
    "pending": 0,
    "failures": 4,
    "start": "2023-02-08T21:24:33.475Z",
    "end": "2023-02-08T21:25:20.423Z",
    "duration": 46948,
    "testsRegistered": 22,
    "passPercent": 81.81818181818183,
    "pendingPercent": 0,
    "other": 0,
    "hasOther": false,
    "skipped": 0,
    "hasSkipped": false
  },
  "results": [
    {
      "uuid": "36e4c3be-267f-4e6d-b1f2-8a9da898185e",
      "title": "",
      "fullFile": "cypress/integration/project.spec.js",
      "file": "cypress/integration/project.spec.js",
      "beforeHooks": [],
      "afterHooks": [],
      "tests": [],
      "suites": [
        {
          "uuid": "d12034fa-636e-4721-acb8-709a889ee49f",
          "title": "travel-form",
          "fullFile": "",
          "file": "",
          "beforeHooks": [],
          "afterHooks": [],
          "tests": [],
          "suites": [
            {
              "uuid": "13d95adb-b8f3-4a02-b704-3dd7d75a466d",
              "title": "1 - Crie um título para seu formulário com a tag `h1`",
              "fullFile": "",
              "file": "",
              "beforeHooks": [],
              "afterHooks": [],
              "tests": [
                {
                  "title": "O título deve possuir a tag `h1` e o id `title`",
                  "fullTitle": "travel-form 1 - Crie um título para seu formulário com a tag `h1` O título deve possuir a tag `h1` e o id `title`",
                  "timedOut": null,
                  "duration": 261,
                  "state": "passed",
                  "speed": "fast",
                  "pass": true,
                  "fail": false,
                  "pending": false,
                  "context": null,
                  "code": "cy.get(TRYBE_TRAVEL_TITLE).should('exist');",
                  "err": {},
                  "uuid": "45779a00-7624-42d4-a5ab-1bf9f19feab9",
                  "parentUUID": "13d95adb-b8f3-4a02-b704-3dd7d75a466d",
                  "isHook": false,
                  "skipped": false
                },
                {
                  "title": "Verifica se o texto do título é \"Formulário Trybe Travel\"",
                  "fullTitle": "travel-form 1 - Crie um título para seu formulário com a tag `h1` Verifica se o texto do título é \"Formulário Trybe Travel\"",
                  "timedOut": null,
                  "duration": 88,
                  "state": "passed",
                  "speed": "fast",
                  "pass": true,
                  "fail": false,
                  "pending": false,
                  "context": null,
                  "code": "cy.get(TRYBE_TRAVEL_TITLE).should('have.text', 'Formulário Trybe Travel');",
                  "err": {},
                  "uuid": "ee4a738c-7890-4503-a3b9-bdb6764b300e",
                  "parentUUID": "13d95adb-b8f3-4a02-b704-3dd7d75a466d",
                  "isHook": false,
                  "skipped": false
                },
                {
                  "title": "O formulário deve possuir o id `main-form`",
                  "fullTitle": "travel-form 1 - Crie um título para seu formulário com a tag `h1` O formulário deve possuir o id `main-form`",
                  "timedOut": null,
                  "duration": 91,
                  "state": "passed",
                  "speed": "fast",
                  "pass": true,
                  "fail": false,
                  "pending": false,
                  "context": null,
                  "code": "cy.get(TRYBE_TRAVEL_FORM).should('exist');",
                  "err": {},
                  "uuid": "976693b1-78a4-414f-a23d-78994ef5ab21",
                  "parentUUID": "13d95adb-b8f3-4a02-b704-3dd7d75a466d",
                  "isHook": false,
                  "skipped": false
                }
              ],
              "suites": [],
              "passes": [
                "45779a00-7624-42d4-a5ab-1bf9f19feab9",
                "ee4a738c-7890-4503-a3b9-bdb6764b300e",
                "976693b1-78a4-414f-a23d-78994ef5ab21"
              ],
              "failures": [],
              "pending": [],
              "skipped": [],
              "duration": 440,
              "root": false,
              "rootEmpty": false,
              "_timeout": 2000
            },
            {
              "uuid": "b1a9732a-4581-4330-b922-fe51dd30f5e6",
              "title": "2 - Implemente o conteúdo do formulário `form`",
              "fullFile": "",
              "file": "",
              "beforeHooks": [],
              "afterHooks": [],
              "tests": [
                {
                  "title": "Existe um elemento com o id `fullName`",
                  "fullTitle": "travel-form 2 - Implemente o conteúdo do formulário `form` Existe um elemento com o id `fullName`",
                  "timedOut": null,
                  "duration": 100,
                  "state": "passed",
                  "speed": "fast",
                  "pass": true,
                  "fail": false,
                  "pending": false,
                  "context": null,
                  "code": "cy.get(TRYBE_TRAVEL_NAME).should('exist');",
                  "err": {},
                  "uuid": "ff6138d7-d6e2-479b-89ef-41c497b5c90d",
                  "parentUUID": "b1a9732a-4581-4330-b922-fe51dd30f5e6",
                  "isHook": false,
                  "skipped": false
                },
                {
                  "title": "Existe um elemento com o id `email`",
                  "fullTitle": "travel-form 2 - Implemente o conteúdo do formulário `form` Existe um elemento com o id `email`",
                  "timedOut": null,
                  "duration": 85,
                  "state": "passed",
                  "speed": "fast",
                  "pass": true,
                  "fail": false,
                  "pending": false,
                  "context": null,
                  "code": "cy.get(TRYBE_TRAVEL_EMAIL).should('exist');",
                  "err": {},
                  "uuid": "2f42d950-c4fe-474e-ac08-3ce8bc96ba78",
                  "parentUUID": "b1a9732a-4581-4330-b922-fe51dd30f5e6",
                  "isHook": false,
                  "skipped": false
                },
                {
                  "title": "Existem quatro elementos com o name `destinations`",
                  "fullTitle": "travel-form 2 - Implemente o conteúdo do formulário `form` Existem quatro elementos com o name `destinations`",
                  "timedOut": null,
                  "duration": 89,
                  "state": "passed",
                  "speed": "fast",
                  "pass": true,
                  "fail": false,
                  "pending": false,
                  "context": null,
                  "code": "cy.get(TRYBE_TRAVEL_FORM).find('[name=\"destinations\"]').its('length').should('be.gte', 4);",
                  "err": {},
                  "uuid": "1b999830-a752-4c8b-b056-1e0b1017c0a0",
                  "parentUUID": "b1a9732a-4581-4330-b922-fe51dd30f5e6",
                  "isHook": false,
                  "skipped": false
                },
                {
                  "title": "Existe um elemento com o id `question`",
                  "fullTitle": "travel-form 2 - Implemente o conteúdo do formulário `form` Existe um elemento com o id `question`",
                  "timedOut": null,
                  "duration": 95,
                  "state": "passed",
                  "speed": "fast",
                  "pass": true,
                  "fail": false,
                  "pending": false,
                  "context": null,
                  "code": "cy.get(TRYBE_TRAVEL_QUESTION).should('exist');",
                  "err": {},
                  "uuid": "9365c245-73c9-4d69-8bd7-375ea231eadc",
                  "parentUUID": "b1a9732a-4581-4330-b922-fe51dd30f5e6",
                  "isHook": false,
                  "skipped": false
                },
                {
                  "title": "Existe um elemento com o id `date`",
                  "fullTitle": "travel-form 2 - Implemente o conteúdo do formulário `form` Existe um elemento com o id `date`",
                  "timedOut": null,
                  "duration": 89,
                  "state": "passed",
                  "speed": "fast",
                  "pass": true,
                  "fail": false,
                  "pending": false,
                  "context": null,
                  "code": "cy.get(TRYBE_INPUT_DATE).should('exist');",
                  "err": {},
                  "uuid": "369a7643-b8ef-4590-bea6-874e3c8e500d",
                  "parentUUID": "b1a9732a-4581-4330-b922-fe51dd30f5e6",
                  "isHook": false,
                  "skipped": false
                },
                {
                  "title": "Existe um elemento com o id `promo`",
                  "fullTitle": "travel-form 2 - Implemente o conteúdo do formulário `form` Existe um elemento com o id `promo`",
                  "timedOut": null,
                  "duration": 80,
                  "state": "passed",
                  "speed": "fast",
                  "pass": true,
                  "fail": false,
                  "pending": false,
                  "context": null,
                  "code": "cy.get(TRYBE_INPUT_CHECKBOX).should('exist');",
                  "err": {},
                  "uuid": "31b8796e-c110-41ef-8344-85283e9ece89",
                  "parentUUID": "b1a9732a-4581-4330-b922-fe51dd30f5e6",
                  "isHook": false,
                  "skipped": false
                },
                {
                  "title": "Existe um elemento com o id `agreement`",
                  "fullTitle": "travel-form 2 - Implemente o conteúdo do formulário `form` Existe um elemento com o id `agreement`",
                  "timedOut": null,
                  "duration": 89,
                  "state": "passed",
                  "speed": "fast",
                  "pass": true,
                  "fail": false,
                  "pending": false,
                  "context": null,
                  "code": "cy.get(TRYBE_TRAVEL_CHECKBOX).should('exist');",
                  "err": {},
                  "uuid": "68a69c7c-535e-4324-94c8-1eabb30212b4",
                  "parentUUID": "b1a9732a-4581-4330-b922-fe51dd30f5e6",
                  "isHook": false,
                  "skipped": false
                }
              ],
              "suites": [],
              "passes": [
                "ff6138d7-d6e2-479b-89ef-41c497b5c90d",
                "2f42d950-c4fe-474e-ac08-3ce8bc96ba78",
                "1b999830-a752-4c8b-b056-1e0b1017c0a0",
                "9365c245-73c9-4d69-8bd7-375ea231eadc",
                "369a7643-b8ef-4590-bea6-874e3c8e500d",
                "31b8796e-c110-41ef-8344-85283e9ece89",
                "68a69c7c-535e-4324-94c8-1eabb30212b4"
              ],
              "failures": [],
              "pending": [],
              "skipped": [],
              "duration": 627,
              "root": false,
              "rootEmpty": false,
              "_timeout": 2000
            },
            {
              "uuid": "61ace24a-5205-48e9-a173-ab3142e58b2a",
              "title": "3 - Crie botões para o formulário `form`",
              "fullFile": "",
              "file": "",
              "beforeHooks": [],
              "afterHooks": [],
              "tests": [
                {
                  "title": "Existe um elemento com a tag `button`",
                  "fullTitle": "travel-form 3 - Crie botões para o formulário `form` Existe um elemento com a tag `button`",
                  "timedOut": null,
                  "duration": 95,
                  "state": "passed",
                  "speed": "fast",
                  "pass": true,
                  "fail": false,
                  "pending": false,
                  "context": null,
                  "code": "cy.get(TRYBE_TRAVEL_SUBMIT_BUTTON).should('exist');",
                  "err": {},
                  "uuid": "1e3612a3-b1ca-4360-b167-10b02a9ec09c",
                  "parentUUID": "61ace24a-5205-48e9-a173-ab3142e58b2a",
                  "isHook": false,
                  "skipped": false
                },
                {
                  "title": "Verifica se o texto do botão é \"Enviar\"",
                  "fullTitle": "travel-form 3 - Crie botões para o formulário `form` Verifica se o texto do botão é \"Enviar\"",
                  "timedOut": null,
                  "duration": 10091,
                  "state": "failed",
                  "speed": null,
                  "pass": false,
                  "fail": true,
                  "pending": false,
                  "context": null,
                  "code": "cy.get(TRYBE_TRAVEL_SUBMIT_BUTTON).should('have.text', 'Enviar');",
                  "err": {
                    "message": "AssertionError: Timed out retrying after 10000ms: expected '<button#submit-btn>' to have text 'Enviar', but the text was '\\n        \\n        \\n          '",
                    "estack": "AssertionError: Timed out retrying after 10000ms: expected '<button#submit-btn>' to have text 'Enviar', but the text was '\\n        \\n        \\n          '\n    at Context.eval (http://localhost:37347/__cypress/tests?p=cypress/integration/project.spec.js:161:42)",
                    "diff": "- '\\n        \\n        \\n          '\n+ 'Enviar'\n"
                  },
                  "uuid": "e1b629d4-446e-4703-ba8f-38728271ce5f",
                  "parentUUID": "61ace24a-5205-48e9-a173-ab3142e58b2a",
                  "isHook": false,
                  "skipped": false
                },
                {
                  "title": "Existe um elemento com o id `submit-btn`",
                  "fullTitle": "travel-form 3 - Crie botões para o formulário `form` Existe um elemento com o id `submit-btn`",
                  "timedOut": null,
                  "duration": 130,
                  "state": "passed",
                  "speed": "fast",
                  "pass": true,
                  "fail": false,
                  "pending": false,
                  "context": null,
                  "code": "cy.get(TRYBE_TRAVEL_SUBMIT_BUTTON).should('exist');",
                  "err": {},
                  "uuid": "07cc21dc-ed47-4fe1-b3a0-3033620460a9",
                  "parentUUID": "61ace24a-5205-48e9-a173-ab3142e58b2a",
                  "isHook": false,
                  "skipped": false
                },
                {
                  "title": "Existe um elemento com o id `clear-btn`",
                  "fullTitle": "travel-form 3 - Crie botões para o formulário `form` Existe um elemento com o id `clear-btn`",
                  "timedOut": null,
                  "duration": 72,
                  "state": "passed",
                  "speed": "fast",
                  "pass": true,
                  "fail": false,
                  "pending": false,
                  "context": null,
                  "code": "cy.get(TRYBE_TRAVEL_CLEAR_BUTTON).should('exist');",
                  "err": {},
                  "uuid": "5a0fc5ce-bbfa-4915-a1fa-3ae0bd07ce03",
                  "parentUUID": "61ace24a-5205-48e9-a173-ab3142e58b2a",
                  "isHook": false,
                  "skipped": false
                }
              ],
              "suites": [],
              "passes": [
                "1e3612a3-b1ca-4360-b167-10b02a9ec09c",
                "07cc21dc-ed47-4fe1-b3a0-3033620460a9",
                "5a0fc5ce-bbfa-4915-a1fa-3ae0bd07ce03"
              ],
              "failures": [
                "e1b629d4-446e-4703-ba8f-38728271ce5f"
              ],
              "pending": [],
              "skipped": [],
              "duration": 10388,
              "root": false,
              "rootEmpty": false,
              "_timeout": 2000
            },
            {
              "uuid": "2b215ec0-3a5f-4ecf-b311-dbcf4676060a",
              "title": "4 - Manipule as informações via javascript",
              "fullFile": "",
              "file": "",
              "beforeHooks": [],
              "afterHooks": [],
              "tests": [
                {
                  "title": "Verifica o uso do eventPreventDefault()",
                  "fullTitle": "travel-form 4 - Manipule as informações via javascript Verifica o uso do eventPreventDefault()",
                  "timedOut": null,
                  "duration": 1408,
                  "state": "failed",
                  "speed": null,
                  "pass": false,
                  "fail": true,
                  "pending": false,
                  "context": null,
                  "code": "cy.window().then(win => {\n  win.document.erro = 'Erro: A página não pode se atualizar ao clicar no botão Enviar.';\n});\ncy.get(TRYBE_TRAVEL_NAME).type('Teste');\ncy.get(TRYBE_TRAVEL_EMAIL).type('teste@gmail.com');\ncy.get(TRYBE_TRAVEL_QUESTION).type('teste');\ncy.get(TRYBE_INPUT_DATE).type('2023-01-30');\ncy.get(TRYBE_INPUT_CHECKBOX).check();\ncy.get(TRYBE_TRAVEL_CHECKBOX).check();\ncy.get(TRYBE_TRAVEL_SUBMIT_BUTTON).click();\ncy.window().then(win => {\n  expect('Erro: A página não pode se atualizar ao clicar no botão Enviar.').to.equal(win.document.erro);\n});",
                  "err": {
                    "message": "AssertionError: expected 'Erro: A página não pode se atualizar ao clicar no botão Enviar.' to equal undefined",
                    "estack": "AssertionError: expected 'Erro: A página não pode se atualizar ao clicar no botão Enviar.' to equal undefined\n    at Context.eval (http://localhost:37347/__cypress/tests?p=cypress/integration/project.spec.js:183:86)",
                    "diff": null
                  },
                  "uuid": "6318c07b-20f0-47b4-8370-9b7a09b24141",
                  "parentUUID": "2b215ec0-3a5f-4ecf-b311-dbcf4676060a",
                  "isHook": false,
                  "skipped": false
                },
                {
                  "title": "Verifica se ao clicar no botão limpar os campos limpam.",
                  "fullTitle": "travel-form 4 - Manipule as informações via javascript Verifica se ao clicar no botão limpar os campos limpam.",
                  "timedOut": null,
                  "duration": 1470,
                  "state": "passed",
                  "speed": "fast",
                  "pass": true,
                  "fail": false,
                  "pending": false,
                  "context": null,
                  "code": "cy.get(TRYBE_TRAVEL_NAME).type('clear Teste');\ncy.get(TRYBE_TRAVEL_EMAIL).type('teste@gmail.com');\ncy.get(TRYBE_TRAVEL_QUESTION).type('teste');\ncy.get(TRYBE_INPUT_DATE).type('2023-01-30');\ncy.get(TRYBE_INPUT_CHECKBOX).check();\ncy.get(TRYBE_TRAVEL_CHECKBOX).check();\ncy.get(TRYBE_TRAVEL_CLEAR_BUTTON).click();\ncy.get(TRYBE_TRAVEL_NAME).should('have.value', '');",
                  "err": {},
                  "uuid": "70088719-a78f-465f-9a30-c29ce8e3972b",
                  "parentUUID": "2b215ec0-3a5f-4ecf-b311-dbcf4676060a",
                  "isHook": false,
                  "skipped": false
                }
              ],
              "suites": [],
              "passes": [
                "70088719-a78f-465f-9a30-c29ce8e3972b"
              ],
              "failures": [
                "6318c07b-20f0-47b4-8370-9b7a09b24141"
              ],
              "pending": [],
              "skipped": [],
              "duration": 2878,
              "root": false,
              "rootEmpty": false,
              "_timeout": 2000
            },
            {
              "uuid": "95f43eab-47ad-441c-b042-44f9aafc5043",
              "title": "5 - Faça a validação de imagem ao clicar no checkbox correspondente.",
              "fullFile": "",
              "file": "",
              "beforeHooks": [],
              "afterHooks": [],
              "tests": [
                {
                  "title": "Existe um elemento do tipo checkbox com o id `agreement`",
                  "fullTitle": "travel-form 5 - Faça a validação de imagem ao clicar no checkbox correspondente. Existe um elemento do tipo checkbox com o id `agreement`",
                  "timedOut": null,
                  "duration": 104,
                  "state": "passed",
                  "speed": "fast",
                  "pass": true,
                  "fail": false,
                  "pending": false,
                  "context": null,
                  "code": "cy.get('input#agreement[type=\"checkbox\"]').should('exist');",
                  "err": {},
                  "uuid": "9dd8a23c-345a-4ef5-be66-9119326ed5f9",
                  "parentUUID": "95f43eab-47ad-441c-b042-44f9aafc5043",
                  "isHook": false,
                  "skipped": false
                },
                {
                  "title": "Antes de marcar o campo de confirmação, o botão de Enviar deve estar desabilitado",
                  "fullTitle": "travel-form 5 - Faça a validação de imagem ao clicar no checkbox correspondente. Antes de marcar o campo de confirmação, o botão de Enviar deve estar desabilitado",
                  "timedOut": null,
                  "duration": 10081,
                  "state": "failed",
                  "speed": null,
                  "pass": false,
                  "fail": true,
                  "pending": false,
                  "context": null,
                  "code": "cy.get('button#submit-btn').should('be.disabled');",
                  "err": {
                    "message": "AssertionError: Timed out retrying after 10000ms: expected '<button#submit-btn>' to be 'disabled'",
                    "estack": "AssertionError: Timed out retrying after 10000ms: expected '<button#submit-btn>' to be 'disabled'\n    at Context.eval (http://localhost:37347/__cypress/tests?p=cypress/integration/project.spec.js:202:35)",
                    "diff": null
                  },
                  "uuid": "8c329e64-72ad-44e7-8076-03d46b78f8fb",
                  "parentUUID": "95f43eab-47ad-441c-b042-44f9aafc5043",
                  "isHook": false,
                  "skipped": false
                },
                {
                  "title": "Ao marcar o campo de confirmação, o botão de Enviar deve ser habilitado",
                  "fullTitle": "travel-form 5 - Faça a validação de imagem ao clicar no checkbox correspondente. Ao marcar o campo de confirmação, o botão de Enviar deve ser habilitado",
                  "timedOut": null,
                  "duration": 174,
                  "state": "passed",
                  "speed": "fast",
                  "pass": true,
                  "fail": false,
                  "pending": false,
                  "context": null,
                  "code": "cy.get('input#agreement').check();\ncy.get('button#submit-btn').should('not.be.disabled');",
                  "err": {},
                  "uuid": "17546d48-a508-46ac-a9de-41d8623eae56",
                  "parentUUID": "95f43eab-47ad-441c-b042-44f9aafc5043",
                  "isHook": false,
                  "skipped": false
                }
              ],
              "suites": [],
              "passes": [
                "9dd8a23c-345a-4ef5-be66-9119326ed5f9",
                "17546d48-a508-46ac-a9de-41d8623eae56"
              ],
              "failures": [
                "8c329e64-72ad-44e7-8076-03d46b78f8fb"
              ],
              "pending": [],
              "skipped": [],
              "duration": 10359,
              "root": false,
              "rootEmpty": false,
              "_timeout": 2000
            },
            {
              "uuid": "216b2baa-cc63-4237-ad63-c216b783d1b0",
              "title": "6 - Faça a validação dos campos do formulário.",
              "fullFile": "",
              "file": "",
              "beforeHooks": [],
              "afterHooks": [],
              "tests": [
                {
                  "title": "o input \"Nome Completo\" teve ter no máximo 40 caracteres",
                  "fullTitle": "travel-form 6 - Faça a validação dos campos do formulário. o input \"Nome Completo\" teve ter no máximo 40 caracteres",
                  "timedOut": null,
                  "duration": 751,
                  "state": "passed",
                  "speed": "fast",
                  "pass": true,
                  "fail": false,
                  "pending": false,
                  "context": null,
                  "code": "cy.get(TRYBE_TRAVEL_NAME).type('text'.repeat(10));\ncy.get(TRYBE_TRAVEL_NAME).invoke('val').should(value => {\n  expect(value).to.match(/^[a-z]{40}$/);\n});",
                  "err": {},
                  "uuid": "02e5e8db-4fb6-4363-8755-a2a9d6ee0676",
                  "parentUUID": "216b2baa-cc63-4237-ad63-c216b783d1b0",
                  "isHook": false,
                  "skipped": false
                },
                {
                  "title": "o input \"E-mail\" teve ter no máximo 50 caracteres",
                  "fullTitle": "travel-form 6 - Faça a validação dos campos do formulário. o input \"E-mail\" teve ter no máximo 50 caracteres",
                  "timedOut": null,
                  "duration": 10891,
                  "state": "failed",
                  "speed": null,
                  "pass": false,
                  "fail": true,
                  "pending": false,
                  "context": null,
                  "code": "cy.get(TRYBE_TRAVEL_EMAIL).type('text'.repeat(13));\ncy.get(TRYBE_TRAVEL_EMAIL).invoke('val').should(value => {\n  expect(value).to.match(/^[a-z]{50}$/);\n});",
                  "err": {
                    "message": "AssertionError: Timed out retrying after 10000ms: expected 'texttexttexttexttexttexttexttexttexttexttexttexttext' to match /^[a-z]{50}$/",
                    "estack": "AssertionError: Timed out retrying after 10000ms: expected 'texttexttexttexttexttexttexttexttexttexttexttexttext' to match /^[a-z]{50}$/\n    at Context.eval (http://localhost:37347/__cypress/tests?p=cypress/integration/project.spec.js:219:26)",
                    "diff": null
                  },
                  "uuid": "5aae3728-2a1f-4ce9-a7aa-9560c174b597",
                  "parentUUID": "216b2baa-cc63-4237-ad63-c216b783d1b0",
                  "isHook": false,
                  "skipped": false
                },
                {
                  "title": "O textarea deve ter no máximo 500 caracteres",
                  "fullTitle": "travel-form 6 - Faça a validação dos campos do formulário. O textarea deve ter no máximo 500 caracteres",
                  "timedOut": null,
                  "duration": 10383,
                  "state": "passed",
                  "speed": "slow",
                  "pass": true,
                  "fail": false,
                  "pending": false,
                  "context": null,
                  "code": "cy.get(TRYBE_TRAVEL_QUESTION).type('text'.repeat(200));\ncy.get(TRYBE_TRAVEL_QUESTION).invoke('val').should(value => {\n  expect(value).to.match(/^[a-z]{500}$/);\n});",
                  "err": {},
                  "uuid": "2c516be4-be57-4ba0-93ed-1399c430627d",
                  "parentUUID": "216b2baa-cc63-4237-ad63-c216b783d1b0",
                  "isHook": false,
                  "skipped": false
                }
              ],
              "suites": [],
              "passes": [
                "02e5e8db-4fb6-4363-8755-a2a9d6ee0676",
                "2c516be4-be57-4ba0-93ed-1399c430627d"
              ],
              "failures": [
                "5aae3728-2a1f-4ce9-a7aa-9560c174b597"
              ],
              "pending": [],
              "skipped": [],
              "duration": 22025,
              "root": false,
              "rootEmpty": false,
              "_timeout": 2000
            }
          ],
          "passes": [],
          "failures": [],
          "pending": [],
          "skipped": [],
          "duration": 0,
          "root": false,
          "rootEmpty": false,
          "_timeout": 2000
        }
      ],
      "passes": [],
      "failures": [],
      "pending": [],
      "skipped": [],
      "duration": 0,
      "root": true,
      "rootEmpty": true,
      "_timeout": 2000
    }
  ],
  "meta": {
    "mocha": {
      "version": "7.0.1"
    },
    "mochawesome": {
      "options": {
        "quiet": false,
        "reportFilename": "mochawesome",
        "saveHtml": false,
        "saveJson": true,
        "consoleReporter": "spec",
        "useInlineDiffs": false,
        "code": true
      },
      "version": "6.2.2"
    },
    "marge": {
      "options": {
        "id": "default",
        "reportDir": "cypress/reports",
        "overwrite": false,
        "html": false,
        "json": true
      },
      "version": "5.2.0"
    }
  }
}