{
  "stats": {
    "suites": 7,
    "tests": 22,
    "passes": 21,
    "pending": 0,
    "failures": 1,
    "start": "2023-02-08T21:37:56.037Z",
    "end": "2023-02-08T21:38:22.877Z",
    "duration": 26840,
    "testsRegistered": 22,
    "passPercent": 95.45454545454545,
    "pendingPercent": 0,
    "other": 0,
    "hasOther": false,
    "skipped": 0,
    "hasSkipped": false
  },
  "results": [
    {
      "uuid": "7eee0ab7-950d-4efe-b126-bc4ae02b6d4d",
      "title": "",
      "fullFile": "cypress/integration/project.spec.js",
      "file": "cypress/integration/project.spec.js",
      "beforeHooks": [],
      "afterHooks": [],
      "tests": [],
      "suites": [
        {
          "uuid": "594690c2-ba3f-41b8-b0c2-9914ab5575b0",
          "title": "travel-form",
          "fullFile": "",
          "file": "",
          "beforeHooks": [],
          "afterHooks": [],
          "tests": [],
          "suites": [
            {
              "uuid": "cbd07b2f-d711-4801-b128-d000d0cefbc8",
              "title": "1 - Crie um título para seu formulário com a tag `h1`",
              "fullFile": "",
              "file": "",
              "beforeHooks": [],
              "afterHooks": [],
              "tests": [
                {
                  "title": "O título deve possuir a tag `h1` e o id `title`",
                  "fullTitle": "travel-form 1 - Crie um título para seu formulário com a tag `h1` O título deve possuir a tag `h1` e o id `title`",
                  "timedOut": null,
                  "duration": 292,
                  "state": "passed",
                  "speed": "fast",
                  "pass": true,
                  "fail": false,
                  "pending": false,
                  "context": null,
                  "code": "cy.get(TRYBE_TRAVEL_TITLE).should('exist');",
                  "err": {},
                  "uuid": "6e488c7f-881a-4660-a400-32baf7203c7f",
                  "parentUUID": "cbd07b2f-d711-4801-b128-d000d0cefbc8",
                  "isHook": false,
                  "skipped": false
                },
                {
                  "title": "Verifica se o texto do título é \"Formulário Trybe Travel\"",
                  "fullTitle": "travel-form 1 - Crie um título para seu formulário com a tag `h1` Verifica se o texto do título é \"Formulário Trybe Travel\"",
                  "timedOut": null,
                  "duration": 85,
                  "state": "passed",
                  "speed": "fast",
                  "pass": true,
                  "fail": false,
                  "pending": false,
                  "context": null,
                  "code": "cy.get(TRYBE_TRAVEL_TITLE).should('have.text', 'Formulário Trybe Travel');",
                  "err": {},
                  "uuid": "10057ba0-ea51-4f8f-bd73-38f5486416ea",
                  "parentUUID": "cbd07b2f-d711-4801-b128-d000d0cefbc8",
                  "isHook": false,
                  "skipped": false
                },
                {
                  "title": "O formulário deve possuir o id `main-form`",
                  "fullTitle": "travel-form 1 - Crie um título para seu formulário com a tag `h1` O formulário deve possuir o id `main-form`",
                  "timedOut": null,
                  "duration": 95,
                  "state": "passed",
                  "speed": "fast",
                  "pass": true,
                  "fail": false,
                  "pending": false,
                  "context": null,
                  "code": "cy.get(TRYBE_TRAVEL_FORM).should('exist');",
                  "err": {},
                  "uuid": "d46e1f41-f708-429d-9353-eb7cdaac1a0d",
                  "parentUUID": "cbd07b2f-d711-4801-b128-d000d0cefbc8",
                  "isHook": false,
                  "skipped": false
                }
              ],
              "suites": [],
              "passes": [
                "6e488c7f-881a-4660-a400-32baf7203c7f",
                "10057ba0-ea51-4f8f-bd73-38f5486416ea",
                "d46e1f41-f708-429d-9353-eb7cdaac1a0d"
              ],
              "failures": [],
              "pending": [],
              "skipped": [],
              "duration": 472,
              "root": false,
              "rootEmpty": false,
              "_timeout": 2000
            },
            {
              "uuid": "e1000212-3537-4421-b516-2b2140e99622",
              "title": "2 - Implemente o conteúdo do formulário `form`",
              "fullFile": "",
              "file": "",
              "beforeHooks": [],
              "afterHooks": [],
              "tests": [
                {
                  "title": "Existe um elemento com o id `fullName`",
                  "fullTitle": "travel-form 2 - Implemente o conteúdo do formulário `form` Existe um elemento com o id `fullName`",
                  "timedOut": null,
                  "duration": 94,
                  "state": "passed",
                  "speed": "fast",
                  "pass": true,
                  "fail": false,
                  "pending": false,
                  "context": null,
                  "code": "cy.get(TRYBE_TRAVEL_NAME).should('exist');",
                  "err": {},
                  "uuid": "7ff59c7a-2aad-42c7-b72e-80419ab4e8b2",
                  "parentUUID": "e1000212-3537-4421-b516-2b2140e99622",
                  "isHook": false,
                  "skipped": false
                },
                {
                  "title": "Existe um elemento com o id `email`",
                  "fullTitle": "travel-form 2 - Implemente o conteúdo do formulário `form` Existe um elemento com o id `email`",
                  "timedOut": null,
                  "duration": 83,
                  "state": "passed",
                  "speed": "fast",
                  "pass": true,
                  "fail": false,
                  "pending": false,
                  "context": null,
                  "code": "cy.get(TRYBE_TRAVEL_EMAIL).should('exist');",
                  "err": {},
                  "uuid": "f7fb1c4c-95d7-4c3a-8cc3-18d7944d62fe",
                  "parentUUID": "e1000212-3537-4421-b516-2b2140e99622",
                  "isHook": false,
                  "skipped": false
                },
                {
                  "title": "Existem quatro elementos com o name `destinations`",
                  "fullTitle": "travel-form 2 - Implemente o conteúdo do formulário `form` Existem quatro elementos com o name `destinations`",
                  "timedOut": null,
                  "duration": 94,
                  "state": "passed",
                  "speed": "fast",
                  "pass": true,
                  "fail": false,
                  "pending": false,
                  "context": null,
                  "code": "cy.get(TRYBE_TRAVEL_FORM).find('[name=\"destinations\"]').its('length').should('be.gte', 4);",
                  "err": {},
                  "uuid": "47b5128a-7143-428e-9dd6-3b30b820bc60",
                  "parentUUID": "e1000212-3537-4421-b516-2b2140e99622",
                  "isHook": false,
                  "skipped": false
                },
                {
                  "title": "Existe um elemento com o id `question`",
                  "fullTitle": "travel-form 2 - Implemente o conteúdo do formulário `form` Existe um elemento com o id `question`",
                  "timedOut": null,
                  "duration": 94,
                  "state": "passed",
                  "speed": "fast",
                  "pass": true,
                  "fail": false,
                  "pending": false,
                  "context": null,
                  "code": "cy.get(TRYBE_TRAVEL_QUESTION).should('exist');",
                  "err": {},
                  "uuid": "8f324e7a-fe95-4d95-be42-e3cd25087159",
                  "parentUUID": "e1000212-3537-4421-b516-2b2140e99622",
                  "isHook": false,
                  "skipped": false
                },
                {
                  "title": "Existe um elemento com o id `date`",
                  "fullTitle": "travel-form 2 - Implemente o conteúdo do formulário `form` Existe um elemento com o id `date`",
                  "timedOut": null,
                  "duration": 85,
                  "state": "passed",
                  "speed": "fast",
                  "pass": true,
                  "fail": false,
                  "pending": false,
                  "context": null,
                  "code": "cy.get(TRYBE_INPUT_DATE).should('exist');",
                  "err": {},
                  "uuid": "a0843098-4a03-4bcb-a4f7-2e87ebb22c62",
                  "parentUUID": "e1000212-3537-4421-b516-2b2140e99622",
                  "isHook": false,
                  "skipped": false
                },
                {
                  "title": "Existe um elemento com o id `promo`",
                  "fullTitle": "travel-form 2 - Implemente o conteúdo do formulário `form` Existe um elemento com o id `promo`",
                  "timedOut": null,
                  "duration": 90,
                  "state": "passed",
                  "speed": "fast",
                  "pass": true,
                  "fail": false,
                  "pending": false,
                  "context": null,
                  "code": "cy.get(TRYBE_INPUT_CHECKBOX).should('exist');",
                  "err": {},
                  "uuid": "d7f6ea82-dab3-457a-9d3b-52d63c15ed9f",
                  "parentUUID": "e1000212-3537-4421-b516-2b2140e99622",
                  "isHook": false,
                  "skipped": false
                },
                {
                  "title": "Existe um elemento com o id `agreement`",
                  "fullTitle": "travel-form 2 - Implemente o conteúdo do formulário `form` Existe um elemento com o id `agreement`",
                  "timedOut": null,
                  "duration": 83,
                  "state": "passed",
                  "speed": "fast",
                  "pass": true,
                  "fail": false,
                  "pending": false,
                  "context": null,
                  "code": "cy.get(TRYBE_TRAVEL_CHECKBOX).should('exist');",
                  "err": {},
                  "uuid": "b69dd480-9e93-4cd5-b0a6-8eba16f80b9a",
                  "parentUUID": "e1000212-3537-4421-b516-2b2140e99622",
                  "isHook": false,
                  "skipped": false
                }
              ],
              "suites": [],
              "passes": [
                "7ff59c7a-2aad-42c7-b72e-80419ab4e8b2",
                "f7fb1c4c-95d7-4c3a-8cc3-18d7944d62fe",
                "47b5128a-7143-428e-9dd6-3b30b820bc60",
                "8f324e7a-fe95-4d95-be42-e3cd25087159",
                "a0843098-4a03-4bcb-a4f7-2e87ebb22c62",
                "d7f6ea82-dab3-457a-9d3b-52d63c15ed9f",
                "b69dd480-9e93-4cd5-b0a6-8eba16f80b9a"
              ],
              "failures": [],
              "pending": [],
              "skipped": [],
              "duration": 623,
              "root": false,
              "rootEmpty": false,
              "_timeout": 2000
            },
            {
              "uuid": "cfaf9585-d657-4854-9601-48228dd0a6f6",
              "title": "3 - Crie botões para o formulário `form`",
              "fullFile": "",
              "file": "",
              "beforeHooks": [],
              "afterHooks": [],
              "tests": [
                {
                  "title": "Existe um elemento com a tag `button`",
                  "fullTitle": "travel-form 3 - Crie botões para o formulário `form` Existe um elemento com a tag `button`",
                  "timedOut": null,
                  "duration": 98,
                  "state": "passed",
                  "speed": "fast",
                  "pass": true,
                  "fail": false,
                  "pending": false,
                  "context": null,
                  "code": "cy.get(TRYBE_TRAVEL_SUBMIT_BUTTON).should('exist');",
                  "err": {},
                  "uuid": "01f15e2c-fc89-4570-98e7-f757fdca25ff",
                  "parentUUID": "cfaf9585-d657-4854-9601-48228dd0a6f6",
                  "isHook": false,
                  "skipped": false
                },
                {
                  "title": "Verifica se o texto do botão é \"Enviar\"",
                  "fullTitle": "travel-form 3 - Crie botões para o formulário `form` Verifica se o texto do botão é \"Enviar\"",
                  "timedOut": null,
                  "duration": 87,
                  "state": "passed",
                  "speed": "fast",
                  "pass": true,
                  "fail": false,
                  "pending": false,
                  "context": null,
                  "code": "cy.get(TRYBE_TRAVEL_SUBMIT_BUTTON).should('have.text', 'Enviar');",
                  "err": {},
                  "uuid": "679ce8e1-7d68-4781-a0d5-8a9375cd89a6",
                  "parentUUID": "cfaf9585-d657-4854-9601-48228dd0a6f6",
                  "isHook": false,
                  "skipped": false
                },
                {
                  "title": "Existe um elemento com o id `submit-btn`",
                  "fullTitle": "travel-form 3 - Crie botões para o formulário `form` Existe um elemento com o id `submit-btn`",
                  "timedOut": null,
                  "duration": 99,
                  "state": "passed",
                  "speed": "fast",
                  "pass": true,
                  "fail": false,
                  "pending": false,
                  "context": null,
                  "code": "cy.get(TRYBE_TRAVEL_SUBMIT_BUTTON).should('exist');",
                  "err": {},
                  "uuid": "53aa3477-7007-442f-ad31-fdfb687b7f4e",
                  "parentUUID": "cfaf9585-d657-4854-9601-48228dd0a6f6",
                  "isHook": false,
                  "skipped": false
                },
                {
                  "title": "Existe um elemento com o id `clear-btn`",
                  "fullTitle": "travel-form 3 - Crie botões para o formulário `form` Existe um elemento com o id `clear-btn`",
                  "timedOut": null,
                  "duration": 84,
                  "state": "passed",
                  "speed": "fast",
                  "pass": true,
                  "fail": false,
                  "pending": false,
                  "context": null,
                  "code": "cy.get(TRYBE_TRAVEL_CLEAR_BUTTON).should('exist');",
                  "err": {},
                  "uuid": "70613220-a017-4d89-9fa1-5f56d1697470",
                  "parentUUID": "cfaf9585-d657-4854-9601-48228dd0a6f6",
                  "isHook": false,
                  "skipped": false
                }
              ],
              "suites": [],
              "passes": [
                "01f15e2c-fc89-4570-98e7-f757fdca25ff",
                "679ce8e1-7d68-4781-a0d5-8a9375cd89a6",
                "53aa3477-7007-442f-ad31-fdfb687b7f4e",
                "70613220-a017-4d89-9fa1-5f56d1697470"
              ],
              "failures": [],
              "pending": [],
              "skipped": [],
              "duration": 368,
              "root": false,
              "rootEmpty": false,
              "_timeout": 2000
            },
            {
              "uuid": "0df18fc4-7b45-4bf5-8f49-1d9f85965710",
              "title": "4 - Manipule as informações via javascript",
              "fullFile": "",
              "file": "",
              "beforeHooks": [],
              "afterHooks": [],
              "tests": [
                {
                  "title": "Verifica o uso do eventPreventDefault()",
                  "fullTitle": "travel-form 4 - Manipule as informações via javascript Verifica o uso do eventPreventDefault()",
                  "timedOut": null,
                  "duration": 1394,
                  "state": "passed",
                  "speed": "fast",
                  "pass": true,
                  "fail": false,
                  "pending": false,
                  "context": null,
                  "code": "cy.window().then(win => {\n  win.document.erro = 'Erro: A página não pode se atualizar ao clicar no botão Enviar.';\n});\ncy.get(TRYBE_TRAVEL_NAME).type('Teste');\ncy.get(TRYBE_TRAVEL_EMAIL).type('teste@gmail.com');\ncy.get(TRYBE_TRAVEL_QUESTION).type('teste');\ncy.get(TRYBE_INPUT_DATE).type('2023-01-30');\ncy.get(TRYBE_INPUT_CHECKBOX).check();\ncy.get(TRYBE_TRAVEL_CHECKBOX).check();\ncy.get(TRYBE_TRAVEL_SUBMIT_BUTTON).click();\ncy.window().then(win => {\n  expect('Erro: A página não pode se atualizar ao clicar no botão Enviar.').to.equal(win.document.erro);\n});",
                  "err": {},
                  "uuid": "2700eb5c-622e-4e7b-a1fa-67a8dcd890d2",
                  "parentUUID": "0df18fc4-7b45-4bf5-8f49-1d9f85965710",
                  "isHook": false,
                  "skipped": false
                },
                {
                  "title": "Verifica se ao clicar no botão limpar os campos limpam.",
                  "fullTitle": "travel-form 4 - Manipule as informações via javascript Verifica se ao clicar no botão limpar os campos limpam.",
                  "timedOut": null,
                  "duration": 1420,
                  "state": "passed",
                  "speed": "fast",
                  "pass": true,
                  "fail": false,
                  "pending": false,
                  "context": null,
                  "code": "cy.get(TRYBE_TRAVEL_NAME).type('clear Teste');\ncy.get(TRYBE_TRAVEL_EMAIL).type('teste@gmail.com');\ncy.get(TRYBE_TRAVEL_QUESTION).type('teste');\ncy.get(TRYBE_INPUT_DATE).type('2023-01-30');\ncy.get(TRYBE_INPUT_CHECKBOX).check();\ncy.get(TRYBE_TRAVEL_CHECKBOX).check();\ncy.get(TRYBE_TRAVEL_CLEAR_BUTTON).click();\ncy.get(TRYBE_TRAVEL_NAME).should('have.value', '');",
                  "err": {},
                  "uuid": "703589e3-395c-430d-a4f2-eba6db07fe21",
                  "parentUUID": "0df18fc4-7b45-4bf5-8f49-1d9f85965710",
                  "isHook": false,
                  "skipped": false
                }
              ],
              "suites": [],
              "passes": [
                "2700eb5c-622e-4e7b-a1fa-67a8dcd890d2",
                "703589e3-395c-430d-a4f2-eba6db07fe21"
              ],
              "failures": [],
              "pending": [],
              "skipped": [],
              "duration": 2814,
              "root": false,
              "rootEmpty": false,
              "_timeout": 2000
            },
            {
              "uuid": "5ec0dfbf-ad15-467e-9b6e-d77819ae367f",
              "title": "5 - Faça a validação de imagem ao clicar no checkbox correspondente.",
              "fullFile": "",
              "file": "",
              "beforeHooks": [],
              "afterHooks": [],
              "tests": [
                {
                  "title": "Existe um elemento do tipo checkbox com o id `agreement`",
                  "fullTitle": "travel-form 5 - Faça a validação de imagem ao clicar no checkbox correspondente. Existe um elemento do tipo checkbox com o id `agreement`",
                  "timedOut": null,
                  "duration": 128,
                  "state": "passed",
                  "speed": "fast",
                  "pass": true,
                  "fail": false,
                  "pending": false,
                  "context": null,
                  "code": "cy.get('input#agreement[type=\"checkbox\"]').should('exist');",
                  "err": {},
                  "uuid": "00de5409-0025-46c2-a11c-090ca54de92e",
                  "parentUUID": "5ec0dfbf-ad15-467e-9b6e-d77819ae367f",
                  "isHook": false,
                  "skipped": false
                },
                {
                  "title": "Antes de marcar o campo de confirmação, o botão de Enviar deve estar desabilitado",
                  "fullTitle": "travel-form 5 - Faça a validação de imagem ao clicar no checkbox correspondente. Antes de marcar o campo de confirmação, o botão de Enviar deve estar desabilitado",
                  "timedOut": null,
                  "duration": 113,
                  "state": "passed",
                  "speed": "fast",
                  "pass": true,
                  "fail": false,
                  "pending": false,
                  "context": null,
                  "code": "cy.get('button#submit-btn').should('be.disabled');",
                  "err": {},
                  "uuid": "22bca05f-ffbe-4d2d-a9c3-cae9c6949980",
                  "parentUUID": "5ec0dfbf-ad15-467e-9b6e-d77819ae367f",
                  "isHook": false,
                  "skipped": false
                },
                {
                  "title": "Ao marcar o campo de confirmação, o botão de Enviar deve ser habilitado",
                  "fullTitle": "travel-form 5 - Faça a validação de imagem ao clicar no checkbox correspondente. Ao marcar o campo de confirmação, o botão de Enviar deve ser habilitado",
                  "timedOut": null,
                  "duration": 164,
                  "state": "passed",
                  "speed": "fast",
                  "pass": true,
                  "fail": false,
                  "pending": false,
                  "context": null,
                  "code": "cy.get('input#agreement').check();\ncy.get('button#submit-btn').should('not.be.disabled');",
                  "err": {},
                  "uuid": "55fdda7b-215f-47b7-8fc7-15fc7e7152d5",
                  "parentUUID": "5ec0dfbf-ad15-467e-9b6e-d77819ae367f",
                  "isHook": false,
                  "skipped": false
                }
              ],
              "suites": [],
              "passes": [
                "00de5409-0025-46c2-a11c-090ca54de92e",
                "22bca05f-ffbe-4d2d-a9c3-cae9c6949980",
                "55fdda7b-215f-47b7-8fc7-15fc7e7152d5"
              ],
              "failures": [],
              "pending": [],
              "skipped": [],
              "duration": 405,
              "root": false,
              "rootEmpty": false,
              "_timeout": 2000
            },
            {
              "uuid": "7a436c0a-a916-41ad-8519-d2fa78df0aad",
              "title": "6 - Faça a validação dos campos do formulário.",
              "fullFile": "",
              "file": "",
              "beforeHooks": [],
              "afterHooks": [],
              "tests": [
                {
                  "title": "o input \"Nome Completo\" teve ter no máximo 40 caracteres",
                  "fullTitle": "travel-form 6 - Faça a validação dos campos do formulário. o input \"Nome Completo\" teve ter no máximo 40 caracteres",
                  "timedOut": null,
                  "duration": 767,
                  "state": "passed",
                  "speed": "fast",
                  "pass": true,
                  "fail": false,
                  "pending": false,
                  "context": null,
                  "code": "cy.get(TRYBE_TRAVEL_NAME).type('text'.repeat(10));\ncy.get(TRYBE_TRAVEL_NAME).invoke('val').should(value => {\n  expect(value).to.match(/^[a-z]{40}$/);\n});",
                  "err": {},
                  "uuid": "83a16e96-52ed-4ddc-a8f3-0f89ffd4af01",
                  "parentUUID": "7a436c0a-a916-41ad-8519-d2fa78df0aad",
                  "isHook": false,
                  "skipped": false
                },
                {
                  "title": "o input \"E-mail\" teve ter no máximo 50 caracteres",
                  "fullTitle": "travel-form 6 - Faça a validação dos campos do formulário. o input \"E-mail\" teve ter no máximo 50 caracteres",
                  "timedOut": null,
                  "duration": 10895,
                  "state": "failed",
                  "speed": null,
                  "pass": false,
                  "fail": true,
                  "pending": false,
                  "context": null,
                  "code": "cy.get(TRYBE_TRAVEL_EMAIL).type('text'.repeat(13));\ncy.get(TRYBE_TRAVEL_EMAIL).invoke('val').should(value => {\n  expect(value).to.match(/^[a-z]{50}$/);\n});",
                  "err": {
                    "message": "AssertionError: Timed out retrying after 10000ms: expected 'texttexttexttexttexttexttexttexttexttexttexttexttext' to match /^[a-z]{50}$/",
                    "estack": "AssertionError: Timed out retrying after 10000ms: expected 'texttexttexttexttexttexttexttexttexttexttexttexttext' to match /^[a-z]{50}$/\n    at Context.eval (http://localhost:34595/__cypress/tests?p=cypress/integration/project.spec.js:219:26)",
                    "diff": null
                  },
                  "uuid": "6686ae09-750c-4e7a-9776-4ad7c8625a45",
                  "parentUUID": "7a436c0a-a916-41ad-8519-d2fa78df0aad",
                  "isHook": false,
                  "skipped": false
                },
                {
                  "title": "O textarea deve ter no máximo 500 caracteres",
                  "fullTitle": "travel-form 6 - Faça a validação dos campos do formulário. O textarea deve ter no máximo 500 caracteres",
                  "timedOut": null,
                  "duration": 10313,
                  "state": "passed",
                  "speed": "slow",
                  "pass": true,
                  "fail": false,
                  "pending": false,
                  "context": null,
                  "code": "cy.get(TRYBE_TRAVEL_QUESTION).type('text'.repeat(200));\ncy.get(TRYBE_TRAVEL_QUESTION).invoke('val').should(value => {\n  expect(value).to.match(/^[a-z]{500}$/);\n});",
                  "err": {},
                  "uuid": "61eb070c-bc86-4eb8-a706-f399f7949f35",
                  "parentUUID": "7a436c0a-a916-41ad-8519-d2fa78df0aad",
                  "isHook": false,
                  "skipped": false
                }
              ],
              "suites": [],
              "passes": [
                "83a16e96-52ed-4ddc-a8f3-0f89ffd4af01",
                "61eb070c-bc86-4eb8-a706-f399f7949f35"
              ],
              "failures": [
                "6686ae09-750c-4e7a-9776-4ad7c8625a45"
              ],
              "pending": [],
              "skipped": [],
              "duration": 21975,
              "root": false,
              "rootEmpty": false,
              "_timeout": 2000
            }
          ],
          "passes": [],
          "failures": [],
          "pending": [],
          "skipped": [],
          "duration": 0,
          "root": false,
          "rootEmpty": false,
          "_timeout": 2000
        }
      ],
      "passes": [],
      "failures": [],
      "pending": [],
      "skipped": [],
      "duration": 0,
      "root": true,
      "rootEmpty": true,
      "_timeout": 2000
    }
  ],
  "meta": {
    "mocha": {
      "version": "7.0.1"
    },
    "mochawesome": {
      "options": {
        "quiet": false,
        "reportFilename": "mochawesome",
        "saveHtml": false,
        "saveJson": true,
        "consoleReporter": "spec",
        "useInlineDiffs": false,
        "code": true
      },
      "version": "6.2.2"
    },
    "marge": {
      "options": {
        "id": "default",
        "reportDir": "cypress/reports",
        "overwrite": false,
        "html": false,
        "json": true
      },
      "version": "5.2.0"
    }
  }
}